[WRN][1663995180.7031958103] /home/dangle/.antigen.zsh:266
[WRN][1663995180.7031958103] -antigen-interactive-mode: filecode:file:shfunc:shfunc $_ANTIGEN_INTERACTIVE = 
[WRN][1663995180.7034134865] /home/dangle/.antigen.zsh:1573
[WRN][1663995180.7034134865] -antigen-lock-init return code was 0
[LOG][1663995180.7034480572] /home/dangle/.antigen.zsh:1575
[LOG][1663995180.7034480572] LOADED EXTENSION lock EXT
[WRN][1663995180.7049694061] /home/dangle/.antigen.zsh:1685
[WRN][1663995180.7049694061] Init parallel extension PARALLEL
[WRN][1663995180.7050633430] /home/dangle/.antigen.zsh:266
[WRN][1663995180.7050633430] -antigen-interactive-mode: filecode:file:shfunc:shfunc:shfunc:eval:shfunc:shfunc $_ANTIGEN_INTERACTIVE = 
[WRN][1663995180.7051248550] /home/dangle/.antigen.zsh:1573
[WRN][1663995180.7051248550] -antigen-parallel-init return code was 0
[LOG][1663995180.7051613331] /home/dangle/.antigen.zsh:1575
[LOG][1663995180.7051613331] LOADED EXTENSION parallel EXT
[WRN][1663995180.7051978111] /home/dangle/.antigen.zsh:1693
[WRN][1663995180.7051978111] Exec parallel extension PARALLEL
[WRN][1663995180.7054040432] /home/dangle/.antigen.zsh:266
[WRN][1663995180.7054040432] -antigen-interactive-mode: filecode:file:shfunc:shfunc:shfunc:eval:shfunc:shfunc $_ANTIGEN_INTERACTIVE = 
[WRN][1663995180.7054603100] /home/dangle/.antigen.zsh:1573
[WRN][1663995180.7054603100] -antigen-defer-init return code was 0
[LOG][1663995180.7054944038] /home/dangle/.antigen.zsh:1575
[LOG][1663995180.7054944038] LOADED EXTENSION defer EXT
[WRN][1663995180.7065672874] /home/dangle/.antigen.zsh:266
[WRN][1663995180.7065672874] -antigen-interactive-mode: filecode:file:shfunc:shfunc:shfunc:eval:shfunc:shfunc $_ANTIGEN_INTERACTIVE = 
[WRN][1663995180.7067458630] /home/dangle/.antigen.zsh:1573
[WRN][1663995180.7067458630] -antigen-cache-init return code was 0
[LOG][1663995180.7067873478] /home/dangle/.antigen.zsh:1575
[LOG][1663995180.7067873478] LOADED EXTENSION cache EXT
[WRN][1663995180.7089169025] /home/dangle/.antigen.zsh:1470
[WRN][1663995180.7089169025] Updated meta: target antigen mode once type pre called 1
[WRN][1663995180.7090137005] /home/dangle/.antigen.zsh:1485
[WRN][1663995180.7090137005] Processing hooks: antigen-lock
[WRN][1663995180.7090694904] /home/dangle/.antigen.zsh:1488
[WRN][1663995180.7090694904] Pre hook: antigen-lock use oh-my-zsh
[LOG][1663995180.7091248035] /home/dangle/.antigen.zsh:1659
[LOG][1663995180.7091248035] antigen-lock called
[WRN][1663995180.7091844082] /home/dangle/.antigen.zsh:1670
[WRN][1663995180.7091844082] Creating antigen-lock file at /home/dangle/.antigen/.lock
[WRN][1663995180.7107627392] /home/dangle/.antigen.zsh:1506
[WRN][1663995180.7107627392] -antigen-hook-antigen use oh-my-zsh
[WRN][1663995180.7130954266] /home/dangle/.antigen.zsh:1470
[WRN][1663995180.7130954266] Updated meta: target antigen-bundle mode repeat type replace called 1
[WRN][1663995180.7132122517] /home/dangle/.antigen.zsh:1470
[WRN][1663995180.7132122517] Updated meta: target antigen-bundle mode repeat type pre called 1
[WRN][1663995180.7132644653] /home/dangle/.antigen.zsh:1485
[WRN][1663995180.7132644653] Processing hooks: antigen-bundle-defer antigen-bundle-cached
[WRN][1663995180.7133052349] /home/dangle/.antigen.zsh:1488
[WRN][1663995180.7133052349] Pre hook: antigen-bundle-cached --loc=lib
[WRN][1663995180.7133734226] /home/dangle/.antigen.zsh:1499
[WRN][1663995180.7133734226] Replace hook: antigen-bundle-defer --loc=lib
[WRN][1663995180.7134304047] /home/dangle/.antigen.zsh:1501
[WRN][1663995180.7134304047] antigen-bundle-defer shortcircuited
[LOG][1663995180.7135255337] /home/dangle/.antigen.zsh:1519
[LOG][1663995180.7135255337] Return from hook antigen with 0
[WRN][1663995180.7136378288] /home/dangle/.antigen.zsh:1463
[WRN][1663995180.7136378288] Ignoring hook due to mode once: antigen-lock
[WRN][1663995180.7136754990] /home/dangle/.antigen.zsh:1485
[WRN][1663995180.7136754990] Processing hooks: antigen-lock
[WRN][1663995180.7137157917] /home/dangle/.antigen.zsh:1506
[WRN][1663995180.7137157917] -antigen-hook-antigen bundle git
[WRN][1663995180.7138268948] /home/dangle/.antigen.zsh:1470
[WRN][1663995180.7138268948] Updated meta: target antigen-bundle mode repeat type replace called 2
[WRN][1663995180.7139022350] /home/dangle/.antigen.zsh:1470
[WRN][1663995180.7139022350] Updated meta: target antigen-bundle mode repeat type pre called 2
[WRN][1663995180.7139444351] /home/dangle/.antigen.zsh:1485
[WRN][1663995180.7139444351] Processing hooks: antigen-bundle-defer antigen-bundle-cached
[WRN][1663995180.7139801979] /home/dangle/.antigen.zsh:1488
[WRN][1663995180.7139801979] Pre hook: antigen-bundle-cached git
[WRN][1663995180.7140393257] /home/dangle/.antigen.zsh:1499
[WRN][1663995180.7140393257] Replace hook: antigen-bundle-defer git
[WRN][1663995180.7140872478] /home/dangle/.antigen.zsh:1501
[WRN][1663995180.7140872478] antigen-bundle-defer shortcircuited
[LOG][1663995180.7141506672] /home/dangle/.antigen.zsh:1519
[LOG][1663995180.7141506672] Return from hook antigen with 0
[WRN][1663995180.7142758369] /home/dangle/.antigen.zsh:1463
[WRN][1663995180.7142758369] Ignoring hook due to mode once: antigen-lock
[WRN][1663995180.7143168449] /home/dangle/.antigen.zsh:1485
[WRN][1663995180.7143168449] Processing hooks: antigen-lock
[WRN][1663995180.7143576145] /home/dangle/.antigen.zsh:1506
[WRN][1663995180.7143576145] -antigen-hook-antigen bundle git-extras
[WRN][1663995180.7144670486] /home/dangle/.antigen.zsh:1470
[WRN][1663995180.7144670486] Updated meta: target antigen-bundle mode repeat type replace called 3
[WRN][1663995180.7145328522] /home/dangle/.antigen.zsh:1470
[WRN][1663995180.7145328522] Updated meta: target antigen-bundle mode repeat type pre called 3
[WRN][1663995180.7145743370] /home/dangle/.antigen.zsh:1485
[WRN][1663995180.7145743370] Processing hooks: antigen-bundle-defer antigen-bundle-cached
[WRN][1663995180.7146089077] /home/dangle/.antigen.zsh:1488
[WRN][1663995180.7146089077] Pre hook: antigen-bundle-cached git-extras
[WRN][1663995180.7146675587] /home/dangle/.antigen.zsh:1499
[WRN][1663995180.7146675587] Replace hook: antigen-bundle-defer git-extras
[WRN][1663995180.7147161961] /home/dangle/.antigen.zsh:1501
[WRN][1663995180.7147161961] antigen-bundle-defer shortcircuited
[LOG][1663995180.7147798538] /home/dangle/.antigen.zsh:1519
[LOG][1663995180.7147798538] Return from hook antigen with 0
[WRN][1663995180.7148752213] /home/dangle/.antigen.zsh:1463
[WRN][1663995180.7148752213] Ignoring hook due to mode once: antigen-lock
[WRN][1663995180.7149105072] /home/dangle/.antigen.zsh:1485
[WRN][1663995180.7149105072] Processing hooks: antigen-lock
[WRN][1663995180.7149491310] /home/dangle/.antigen.zsh:1506
[WRN][1663995180.7149491310] -antigen-hook-antigen bundle python
[WRN][1663995180.7150554657] /home/dangle/.antigen.zsh:1470
[WRN][1663995180.7150554657] Updated meta: target antigen-bundle mode repeat type replace called 4
[WRN][1663995180.7151200771] /home/dangle/.antigen.zsh:1470
[WRN][1663995180.7151200771] Updated meta: target antigen-bundle mode repeat type pre called 4
[WRN][1663995180.7151613235] /home/dangle/.antigen.zsh:1485
[WRN][1663995180.7151613235] Processing hooks: antigen-bundle-defer antigen-bundle-cached
[WRN][1663995180.7151956558] /home/dangle/.antigen.zsh:1488
[WRN][1663995180.7151956558] Pre hook: antigen-bundle-cached python
[WRN][1663995180.7152535915] /home/dangle/.antigen.zsh:1499
[WRN][1663995180.7152535915] Replace hook: antigen-bundle-defer python
[WRN][1663995180.7153015137] /home/dangle/.antigen.zsh:1501
[WRN][1663995180.7153015137] antigen-bundle-defer shortcircuited
[LOG][1663995180.7153654099] /home/dangle/.antigen.zsh:1519
[LOG][1663995180.7153654099] Return from hook antigen with 0
[WRN][1663995180.7154612541] /home/dangle/.antigen.zsh:1463
[WRN][1663995180.7154612541] Ignoring hook due to mode once: antigen-lock
[WRN][1663995180.7154958248] /home/dangle/.antigen.zsh:1485
[WRN][1663995180.7154958248] Processing hooks: antigen-lock
[WRN][1663995180.7155337334] /home/dangle/.antigen.zsh:1506
[WRN][1663995180.7155337334] -antigen-hook-antigen bundle pip
[WRN][1663995180.7156627178] /home/dangle/.antigen.zsh:1470
[WRN][1663995180.7156627178] Updated meta: target antigen-bundle mode repeat type replace called 5
[WRN][1663995180.7157461643] /home/dangle/.antigen.zsh:1470
[WRN][1663995180.7157461643] Updated meta: target antigen-bundle mode repeat type pre called 5
[WRN][1663995180.7157943249] /home/dangle/.antigen.zsh:1485
[WRN][1663995180.7157943249] Processing hooks: antigen-bundle-defer antigen-bundle-cached
[WRN][1663995180.7158343792] /home/dangle/.antigen.zsh:1488
[WRN][1663995180.7158343792] Pre hook: antigen-bundle-cached pip
[WRN][1663995180.7159025669] /home/dangle/.antigen.zsh:1499
[WRN][1663995180.7159025669] Replace hook: antigen-bundle-defer pip
[WRN][1663995180.7159578800] /home/dangle/.antigen.zsh:1501
[WRN][1663995180.7159578800] antigen-bundle-defer shortcircuited
[LOG][1663995180.7160315514] /home/dangle/.antigen.zsh:1519
[LOG][1663995180.7160315514] Return from hook antigen with 0
[WRN][1663995180.7161421776] /home/dangle/.antigen.zsh:1463
[WRN][1663995180.7161421776] Ignoring hook due to mode once: antigen-lock
[WRN][1663995180.7161824703] /home/dangle/.antigen.zsh:1485
[WRN][1663995180.7161824703] Processing hooks: antigen-lock
[WRN][1663995180.7162282467] /home/dangle/.antigen.zsh:1506
[WRN][1663995180.7162282467] -antigen-hook-antigen bundle aws
[WRN][1663995180.7163524628] /home/dangle/.antigen.zsh:1470
[WRN][1663995180.7163524628] Updated meta: target antigen-bundle mode repeat type replace called 6
[WRN][1663995180.7164275646] /home/dangle/.antigen.zsh:1470
[WRN][1663995180.7164275646] Updated meta: target antigen-bundle mode repeat type pre called 6
[WRN][1663995180.7164759636] /home/dangle/.antigen.zsh:1485
[WRN][1663995180.7164759636] Processing hooks: antigen-bundle-defer antigen-bundle-cached
[WRN][1663995180.7165157795] /home/dangle/.antigen.zsh:1488
[WRN][1663995180.7165157795] Pre hook: antigen-bundle-cached aws
[WRN][1663995180.7165834904] /home/dangle/.antigen.zsh:1499
[WRN][1663995180.7165834904] Replace hook: antigen-bundle-defer aws
[WRN][1663995180.7166397572] /home/dangle/.antigen.zsh:1501
[WRN][1663995180.7166397572] antigen-bundle-defer shortcircuited
[LOG][1663995180.7167139053] /home/dangle/.antigen.zsh:1519
[LOG][1663995180.7167139053] Return from hook antigen with 0
[WRN][1663995180.7168240547] /home/dangle/.antigen.zsh:1463
[WRN][1663995180.7168240547] Ignoring hook due to mode once: antigen-lock
[WRN][1663995180.7168638706] /home/dangle/.antigen.zsh:1485
[WRN][1663995180.7168638706] Processing hooks: antigen-lock
[WRN][1663995180.7169084549] /home/dangle/.antigen.zsh:1506
[WRN][1663995180.7169084549] -antigen-hook-antigen bundle docker
[WRN][1663995180.7170319557] /home/dangle/.antigen.zsh:1470
[WRN][1663995180.7170319557] Updated meta: target antigen-bundle mode repeat type replace called 7
[WRN][1663995180.7171070576] /home/dangle/.antigen.zsh:1470
[WRN][1663995180.7171070576] Updated meta: target antigen-bundle mode repeat type pre called 7
[WRN][1663995180.7171545029] /home/dangle/.antigen.zsh:1485
[WRN][1663995180.7171545029] Processing hooks: antigen-bundle-defer antigen-bundle-cached
[WRN][1663995180.7171945572] /home/dangle/.antigen.zsh:1488
[WRN][1663995180.7171945572] Pre hook: antigen-bundle-cached docker
[WRN][1663995180.7172625065] /home/dangle/.antigen.zsh:1499
[WRN][1663995180.7172625065] Replace hook: antigen-bundle-defer docker
[WRN][1663995180.7173192501] /home/dangle/.antigen.zsh:1501
[WRN][1663995180.7173192501] antigen-bundle-defer shortcircuited
[LOG][1663995180.7173936367] /home/dangle/.antigen.zsh:1519
[LOG][1663995180.7173936367] Return from hook antigen with 0
[WRN][1663995180.7175035477] /home/dangle/.antigen.zsh:1463
[WRN][1663995180.7175035477] Ignoring hook due to mode once: antigen-lock
[WRN][1663995180.7175438404] /home/dangle/.antigen.zsh:1485
[WRN][1663995180.7175438404] Processing hooks: antigen-lock
[WRN][1663995180.7175884247] /home/dangle/.antigen.zsh:1506
[WRN][1663995180.7175884247] -antigen-hook-antigen bundle sudo
[WRN][1663995180.7177116871] /home/dangle/.antigen.zsh:1470
[WRN][1663995180.7177116871] Updated meta: target antigen-bundle mode repeat type replace called 8
[WRN][1663995180.7177920341] /home/dangle/.antigen.zsh:1470
[WRN][1663995180.7177920341] Updated meta: target antigen-bundle mode repeat type pre called 8
[WRN][1663995180.7178394794] /home/dangle/.antigen.zsh:1485
[WRN][1663995180.7178394794] Processing hooks: antigen-bundle-defer antigen-bundle-cached
[WRN][1663995180.7178788185] /home/dangle/.antigen.zsh:1488
[WRN][1663995180.7178788185] Pre hook: antigen-bundle-cached sudo
[WRN][1663995180.7179455757] /home/dangle/.antigen.zsh:1499
[WRN][1663995180.7179455757] Replace hook: antigen-bundle-defer sudo
[WRN][1663995180.7180011272] /home/dangle/.antigen.zsh:1501
[WRN][1663995180.7180011272] antigen-bundle-defer shortcircuited
[LOG][1663995180.7180750370] /home/dangle/.antigen.zsh:1519
[LOG][1663995180.7180750370] Return from hook antigen with 0
[WRN][1663995180.7181851864] /home/dangle/.antigen.zsh:1463
[WRN][1663995180.7181851864] Ignoring hook due to mode once: antigen-lock
[WRN][1663995180.7182250023] /home/dangle/.antigen.zsh:1485
[WRN][1663995180.7182250023] Processing hooks: antigen-lock
[WRN][1663995180.7182698250] /home/dangle/.antigen.zsh:1506
[WRN][1663995180.7182698250] -antigen-hook-antigen bundle systemd
[WRN][1663995180.7183935642] /home/dangle/.antigen.zsh:1470
[WRN][1663995180.7183935642] Updated meta: target antigen-bundle mode repeat type replace called 9
[WRN][1663995180.7184691429] /home/dangle/.antigen.zsh:1470
[WRN][1663995180.7184691429] Updated meta: target antigen-bundle mode repeat type pre called 9
[WRN][1663995180.7185170650] /home/dangle/.antigen.zsh:1485
[WRN][1663995180.7185170650] Processing hooks: antigen-bundle-defer antigen-bundle-cached
[WRN][1663995180.7185568810] /home/dangle/.antigen.zsh:1488
[WRN][1663995180.7185568810] Pre hook: antigen-bundle-cached systemd
[WRN][1663995180.7186255455] /home/dangle/.antigen.zsh:1499
[WRN][1663995180.7186255455] Replace hook: antigen-bundle-defer systemd
[WRN][1663995180.7186820507] /home/dangle/.antigen.zsh:1501
[WRN][1663995180.7186820507] antigen-bundle-defer shortcircuited
[LOG][1663995180.7187554836] /home/dangle/.antigen.zsh:1519
[LOG][1663995180.7187554836] Return from hook antigen with 0
[WRN][1663995180.7188668251] /home/dangle/.antigen.zsh:1463
[WRN][1663995180.7188668251] Ignoring hook due to mode once: antigen-lock
[WRN][1663995180.7189068794] /home/dangle/.antigen.zsh:1485
[WRN][1663995180.7189068794] Processing hooks: antigen-lock
[WRN][1663995180.7189519405] /home/dangle/.antigen.zsh:1506
[WRN][1663995180.7189519405] -antigen-hook-antigen bundle command-not-found
[WRN][1663995180.7190761566] /home/dangle/.antigen.zsh:1470
[WRN][1663995180.7190761566] Updated meta: target antigen-bundle mode repeat type replace called 10
[WRN][1663995180.7191522121] /home/dangle/.antigen.zsh:1470
[WRN][1663995180.7191522121] Updated meta: target antigen-bundle mode repeat type pre called 10
[WRN][1663995180.7192006111] /home/dangle/.antigen.zsh:1485
[WRN][1663995180.7192006111] Processing hooks: antigen-bundle-defer antigen-bundle-cached
[WRN][1663995180.7192399502] /home/dangle/.antigen.zsh:1488
[WRN][1663995180.7192399502] Pre hook: antigen-bundle-cached command-not-found
[WRN][1663995180.7193088531] /home/dangle/.antigen.zsh:1499
[WRN][1663995180.7193088531] Replace hook: antigen-bundle-defer command-not-found
[WRN][1663995180.7193658352] /home/dangle/.antigen.zsh:1501
[WRN][1663995180.7193658352] antigen-bundle-defer shortcircuited
[LOG][1663995180.7194387913] /home/dangle/.antigen.zsh:1519
[LOG][1663995180.7194387913] Return from hook antigen with 0
[WRN][1663995180.7195518017] /home/dangle/.antigen.zsh:1463
[WRN][1663995180.7195518017] Ignoring hook due to mode once: antigen-lock
[WRN][1663995180.7195918560] /home/dangle/.antigen.zsh:1485
[WRN][1663995180.7195918560] Processing hooks: antigen-lock
[WRN][1663995180.7196369171] /home/dangle/.antigen.zsh:1506
[WRN][1663995180.7196369171] -antigen-hook-antigen bundle zsh-users/zsh-syntax-highlighting
[WRN][1663995180.7197632790] /home/dangle/.antigen.zsh:1470
[WRN][1663995180.7197632790] Updated meta: target antigen-bundle mode repeat type replace called 11
[WRN][1663995180.7198438644] /home/dangle/.antigen.zsh:1470
[WRN][1663995180.7198438644] Updated meta: target antigen-bundle mode repeat type pre called 11
[WRN][1663995180.7198929787] /home/dangle/.antigen.zsh:1485
[WRN][1663995180.7198929787] Processing hooks: antigen-bundle-defer antigen-bundle-cached
[WRN][1663995180.7199332714] /home/dangle/.antigen.zsh:1488
[WRN][1663995180.7199332714] Pre hook: antigen-bundle-cached zsh-users/zsh-syntax-highlighting
[WRN][1663995180.7200036049] /home/dangle/.antigen.zsh:1499
[WRN][1663995180.7200036049] Replace hook: antigen-bundle-defer zsh-users/zsh-syntax-highlighting
[WRN][1663995180.7200610638] /home/dangle/.antigen.zsh:1501
[WRN][1663995180.7200610638] antigen-bundle-defer shortcircuited
[LOG][1663995180.7201349735] /home/dangle/.antigen.zsh:1519
[LOG][1663995180.7201349735] Return from hook antigen with 0
[WRN][1663995180.7202475071] /home/dangle/.antigen.zsh:1463
[WRN][1663995180.7202475071] Ignoring hook due to mode once: antigen-lock
[WRN][1663995180.7202877998] /home/dangle/.antigen.zsh:1485
[WRN][1663995180.7202877998] Processing hooks: antigen-lock
[WRN][1663995180.7203326225] /home/dangle/.antigen.zsh:1506
[WRN][1663995180.7203326225] -antigen-hook-antigen bundle zsh-users/zsh-history-substring-search
[WRN][1663995180.7204582691] /home/dangle/.antigen.zsh:1470
[WRN][1663995180.7204582691] Updated meta: target antigen-bundle mode repeat type replace called 12
[WRN][1663995180.7205343246] /home/dangle/.antigen.zsh:1470
[WRN][1663995180.7205343246] Updated meta: target antigen-bundle mode repeat type pre called 12
[WRN][1663995180.7205822468] /home/dangle/.antigen.zsh:1485
[WRN][1663995180.7205822468] Processing hooks: antigen-bundle-defer antigen-bundle-cached
[WRN][1663995180.7206225395] /home/dangle/.antigen.zsh:1488
[WRN][1663995180.7206225395] Pre hook: antigen-bundle-cached zsh-users/zsh-history-substring-search
[WRN][1663995180.7206923962] /home/dangle/.antigen.zsh:1499
[WRN][1663995180.7206923962] Replace hook: antigen-bundle-defer zsh-users/zsh-history-substring-search
[WRN][1663995180.7207498550] /home/dangle/.antigen.zsh:1501
[WRN][1663995180.7207498550] antigen-bundle-defer shortcircuited
[LOG][1663995180.7208232880] /home/dangle/.antigen.zsh:1519
[LOG][1663995180.7208232880] Return from hook antigen with 0
[WRN][1663995180.7209355831] /home/dangle/.antigen.zsh:1463
[WRN][1663995180.7209355831] Ignoring hook due to mode once: antigen-lock
[WRN][1663995180.7210333347] /home/dangle/.antigen.zsh:1485
[WRN][1663995180.7210333347] Processing hooks: antigen-lock
[WRN][1663995180.7210998535] /home/dangle/.antigen.zsh:1506
[WRN][1663995180.7210998535] -antigen-hook-antigen theme spaceship-prompt/spaceship-prompt
[WRN][1663995180.7233388424] /home/dangle/.antigen.zsh:1470
[WRN][1663995180.7233388424] Updated meta: target antigen-bundle mode repeat type replace called 13
[WRN][1663995180.7234568596] /home/dangle/.antigen.zsh:1470
[WRN][1663995180.7234568596] Updated meta: target antigen-bundle mode repeat type pre called 13
[WRN][1663995180.7235147953] /home/dangle/.antigen.zsh:1485
[WRN][1663995180.7235147953] Processing hooks: antigen-bundle-defer antigen-bundle-cached
[WRN][1663995180.7235608101] /home/dangle/.antigen.zsh:1488
[WRN][1663995180.7235608101] Pre hook: antigen-bundle-cached spaceship-prompt/spaceship-prompt --btype=theme
[WRN][1663995180.7236402035] /home/dangle/.antigen.zsh:1499
[WRN][1663995180.7236402035] Replace hook: antigen-bundle-defer spaceship-prompt/spaceship-prompt --btype=theme
[WRN][1663995180.7237045765] /home/dangle/.antigen.zsh:1501
[WRN][1663995180.7237045765] antigen-bundle-defer shortcircuited
[LOG][1663995180.7238132954] /home/dangle/.antigen.zsh:1519
[LOG][1663995180.7238132954] Return from hook antigen with 0
[WRN][1663995180.7239401340] /home/dangle/.antigen.zsh:1463
[WRN][1663995180.7239401340] Ignoring hook due to mode once: antigen-lock
[WRN][1663995180.7239820957] /home/dangle/.antigen.zsh:1485
[WRN][1663995180.7239820957] Processing hooks: antigen-lock
[WRN][1663995180.7240273952] /home/dangle/.antigen.zsh:1506
[WRN][1663995180.7240273952] -antigen-hook-antigen apply
[WRN][1663995180.7241668701] /home/dangle/.antigen.zsh:1470
[WRN][1663995180.7241668701] Updated meta: target antigen-apply mode once type post called 1
[WRN][1663995180.7242484093] /home/dangle/.antigen.zsh:1470
[WRN][1663995180.7242484093] Updated meta: target antigen-apply mode once type pre called 1
[WRN][1663995180.7243232727] /home/dangle/.antigen.zsh:1470
[WRN][1663995180.7243232727] Updated meta: target antigen-apply mode once type replace called 1
[WRN][1663995180.7243967056] /home/dangle/.antigen.zsh:1470
[WRN][1663995180.7243967056] Updated meta: target antigen-apply mode once type pre called 1
[WRN][1663995180.7244663239] /home/dangle/.antigen.zsh:1470
[WRN][1663995180.7244663239] Updated meta: target antigen-apply mode once type post called 1
[WRN][1663995180.7245156765] /home/dangle/.antigen.zsh:1485
[WRN][1663995180.7245156765] Processing hooks: antigen-apply-lock antigen-apply-parallel antigen-apply-parallel-execute antigen-apply-defer antigen-apply-cached
[WRN][1663995180.7245573997] /home/dangle/.antigen.zsh:1488
[WRN][1663995180.7245573997] Pre hook: antigen-apply-parallel
[WRN][1663995180.7246012688] /home/dangle/.antigen.zsh:1745
[WRN][1663995180.7246012688] Parallel pre-apply PARALLEL PRE-APPLY
[WRN][1663995180.7247319221] /home/dangle/.antigen.zsh:1488
[WRN][1663995180.7247319221] Pre hook: antigen-apply-defer
[WRN][1663995180.7247762680] /home/dangle/.antigen.zsh:1624
[WRN][1663995180.7247762680] Defer pre-apply DEFER PRE-APPLY
[LOG][1663995180.7249081135] /home/dangle/.antigen.zsh:1630
[LOG][1663995180.7249081135] Processing deferred bundle: --loc=lib DEFER
[WRN][1663995180.7250261307] /home/dangle/.antigen.zsh:1470
[WRN][1663995180.7250261307] Updated meta: target antigen-bundle mode repeat type pre called 14
[WRN][1663995180.7251043320] /home/dangle/.antigen.zsh:1470
[WRN][1663995180.7251043320] Updated meta: target antigen-bundle mode repeat type replace called 1
[WRN][1663995180.7251548767] /home/dangle/.antigen.zsh:1485
[WRN][1663995180.7251548767] Processing hooks: antigen-bundle-cached antigen-bundle-parallel
[WRN][1663995180.7251963615] /home/dangle/.antigen.zsh:1488
[WRN][1663995180.7251963615] Pre hook: antigen-bundle-cached --loc=lib
[WRN][1663995180.7252666950] /home/dangle/.antigen.zsh:1499
[WRN][1663995180.7252666950] Replace hook: antigen-bundle-parallel --loc=lib
[TRA][1663995180.7253165245] /home/dangle/.zshrc:1749
[TRA][1663995180.7253165245] antigen-bundle-parallel: --loc=lib PARALLEL
[TRA][1663995180.7253165245] TRACE
antigen-bundle-parallel
-antigen-hook-handler
antigen-bundle
antigen-apply-defer
-antigen-hook-handler
antigen-apply
-antigen-hook-antigen
-antigen-hook-handler
antigen
/home/dangle/.zshrc
[WRN][1663995180.7253887653] /home/dangle/.antigen.zsh:1510
[WRN][1663995180.7253887653] Replaced hooked function.
[LOG][1663995180.7254223824] /home/dangle/.antigen.zsh:1519
[LOG][1663995180.7254223824] Return from hook antigen-bundle with 0
[LOG][1663995180.7254698277] /home/dangle/.antigen.zsh:1630
[LOG][1663995180.7254698277] Processing deferred bundle: git DEFER
[WRN][1663995180.7255561352] /home/dangle/.antigen.zsh:1470
[WRN][1663995180.7255561352] Updated meta: target antigen-bundle mode repeat type pre called 15
[WRN][1663995180.7256155014] /home/dangle/.antigen.zsh:1470
[WRN][1663995180.7256155014] Updated meta: target antigen-bundle mode repeat type replace called 2
[WRN][1663995180.7256541252] /home/dangle/.antigen.zsh:1485
[WRN][1663995180.7256541252] Processing hooks: antigen-bundle-cached antigen-bundle-parallel
[WRN][1663995180.7256860733] /home/dangle/.antigen.zsh:1488
[WRN][1663995180.7256860733] Pre hook: antigen-bundle-cached git
[WRN][1663995180.7257409096] /home/dangle/.antigen.zsh:1499
[WRN][1663995180.7257409096] Replace hook: antigen-bundle-parallel git
[TRA][1663995180.7257766724] /home/dangle/.zshrc:1749
[TRA][1663995180.7257766724] antigen-bundle-parallel: git PARALLEL
[TRA][1663995180.7257766724] TRACE
antigen-bundle-parallel
-antigen-hook-handler
antigen-bundle
antigen-apply-defer
-antigen-hook-handler
antigen-apply
-antigen-hook-antigen
-antigen-hook-handler
antigen
/home/dangle/.zshrc
[WRN][1663995180.7258291245] /home/dangle/.antigen.zsh:1510
[WRN][1663995180.7258291245] Replaced hooked function.
[LOG][1663995180.7258617878] /home/dangle/.antigen.zsh:1519
[LOG][1663995180.7258617878] Return from hook antigen-bundle with 0
[LOG][1663995180.7259089947] /home/dangle/.antigen.zsh:1630
[LOG][1663995180.7259089947] Processing deferred bundle: git-extras DEFER
[WRN][1663995180.7259941101] /home/dangle/.antigen.zsh:1470
[WRN][1663995180.7259941101] Updated meta: target antigen-bundle mode repeat type pre called 16
[WRN][1663995180.7260532379] /home/dangle/.antigen.zsh:1470
[WRN][1663995180.7260532379] Updated meta: target antigen-bundle mode repeat type replace called 3
[WRN][1663995180.7260918617] /home/dangle/.antigen.zsh:1485
[WRN][1663995180.7260918617] Processing hooks: antigen-bundle-cached antigen-bundle-parallel
[WRN][1663995180.7261242867] /home/dangle/.antigen.zsh:1488
[WRN][1663995180.7261242867] Pre hook: antigen-bundle-cached git-extras
[WRN][1663995180.7261807919] /home/dangle/.antigen.zsh:1499
[WRN][1663995180.7261807919] Replace hook: antigen-bundle-parallel git-extras
[TRA][1663995180.7262167931] /home/dangle/.zshrc:1749
[TRA][1663995180.7262167931] antigen-bundle-parallel: git-extras PARALLEL
[TRA][1663995180.7262167931] TRACE
antigen-bundle-parallel
-antigen-hook-handler
antigen-bundle
antigen-apply-defer
-antigen-hook-handler
antigen-apply
-antigen-hook-antigen
-antigen-hook-handler
antigen
/home/dangle/.zshrc
[WRN][1663995180.7262644768] /home/dangle/.antigen.zsh:1510
[WRN][1663995180.7262644768] Replaced hooked function.
[LOG][1663995180.7262966633] /home/dangle/.antigen.zsh:1519
[LOG][1663995180.7262966633] Return from hook antigen-bundle with 0
[LOG][1663995180.7263436317] /home/dangle/.antigen.zsh:1630
[LOG][1663995180.7263436317] Processing deferred bundle: python DEFER
[WRN][1663995180.7264289856] /home/dangle/.antigen.zsh:1470
[WRN][1663995180.7264289856] Updated meta: target antigen-bundle mode repeat type pre called 17
[WRN][1663995180.7264878750] /home/dangle/.antigen.zsh:1470
[WRN][1663995180.7264878750] Updated meta: target antigen-bundle mode repeat type replace called 4
[WRN][1663995180.7265267372] /home/dangle/.antigen.zsh:1485
[WRN][1663995180.7265267372] Processing hooks: antigen-bundle-cached antigen-bundle-parallel
[WRN][1663995180.7265589237] /home/dangle/.antigen.zsh:1488
[WRN][1663995180.7265589237] Pre hook: antigen-bundle-cached python
[WRN][1663995180.7266139984] /home/dangle/.antigen.zsh:1499
[WRN][1663995180.7266139984] Replace hook: antigen-bundle-parallel python
[TRA][1663995180.7266492844] /home/dangle/.zshrc:1749
[TRA][1663995180.7266492844] antigen-bundle-parallel: python PARALLEL
[TRA][1663995180.7266492844] TRACE
antigen-bundle-parallel
-antigen-hook-handler
antigen-bundle
antigen-apply-defer
-antigen-hook-handler
antigen-apply
-antigen-hook-antigen
-antigen-hook-handler
antigen
/home/dangle/.zshrc
[WRN][1663995180.7266964912] /home/dangle/.antigen.zsh:1510
[WRN][1663995180.7266964912] Replaced hooked function.
[LOG][1663995180.7267286777] /home/dangle/.antigen.zsh:1519
[LOG][1663995180.7267286777] Return from hook antigen-bundle with 0
[LOG][1663995180.7267751694] /home/dangle/.antigen.zsh:1630
[LOG][1663995180.7267751694] Processing deferred bundle: pip DEFER
[WRN][1663995180.7268593311] /home/dangle/.antigen.zsh:1470
[WRN][1663995180.7268593311] Updated meta: target antigen-bundle mode repeat type pre called 18
[WRN][1663995180.7269184589] /home/dangle/.antigen.zsh:1470
[WRN][1663995180.7269184589] Updated meta: target antigen-bundle mode repeat type replace called 5
[WRN][1663995180.7269575596] /home/dangle/.antigen.zsh:1485
[WRN][1663995180.7269575596] Processing hooks: antigen-bundle-cached antigen-bundle-parallel
[WRN][1663995180.7269895077] /home/dangle/.antigen.zsh:1488
[WRN][1663995180.7269895077] Pre hook: antigen-bundle-cached pip
[WRN][1663995180.7270441055] /home/dangle/.antigen.zsh:1499
[WRN][1663995180.7270441055] Replace hook: antigen-bundle-parallel pip
[TRA][1663995180.7270832062] /home/dangle/.zshrc:1749
[TRA][1663995180.7270832062] antigen-bundle-parallel: pip PARALLEL
[TRA][1663995180.7270832062] TRACE
antigen-bundle-parallel
-antigen-hook-handler
antigen-bundle
antigen-apply-defer
-antigen-hook-handler
antigen-apply
-antigen-hook-antigen
-antigen-hook-handler
antigen
/home/dangle/.zshrc
[WRN][1663995180.7271313667] /home/dangle/.antigen.zsh:1510
[WRN][1663995180.7271313667] Replaced hooked function.
[LOG][1663995180.7271637917] /home/dangle/.antigen.zsh:1519
[LOG][1663995180.7271637917] Return from hook antigen-bundle with 0
[LOG][1663995180.7272107601] /home/dangle/.antigen.zsh:1630
[LOG][1663995180.7272107601] Processing deferred bundle: aws DEFER
[WRN][1663995180.7272949219] /home/dangle/.antigen.zsh:1470
[WRN][1663995180.7272949219] Updated meta: target antigen-bundle mode repeat type pre called 19
[WRN][1663995180.7273533344] /home/dangle/.antigen.zsh:1470
[WRN][1663995180.7273533344] Updated meta: target antigen-bundle mode repeat type replace called 6
[WRN][1663995180.7273919582] /home/dangle/.antigen.zsh:1485
[WRN][1663995180.7273919582] Processing hooks: antigen-bundle-cached antigen-bundle-parallel
[WRN][1663995180.7274241447] /home/dangle/.antigen.zsh:1488
[WRN][1663995180.7274241447] Pre hook: antigen-bundle-cached aws
[WRN][1663995180.7274777889] /home/dangle/.antigen.zsh:1499
[WRN][1663995180.7274777889] Replace hook: antigen-bundle-parallel aws
[TRA][1663995180.7275130749] /home/dangle/.zshrc:1749
[TRA][1663995180.7275130749] antigen-bundle-parallel: aws PARALLEL
[TRA][1663995180.7275130749] TRACE
antigen-bundle-parallel
-antigen-hook-handler
antigen-bundle
antigen-apply-defer
-antigen-hook-handler
antigen-apply
-antigen-hook-antigen
-antigen-hook-handler
antigen
/home/dangle/.zshrc
[WRN][1663995180.7275600433] /home/dangle/.antigen.zsh:1510
[WRN][1663995180.7275600433] Replaced hooked function.
[LOG][1663995180.7275929451] /home/dangle/.antigen.zsh:1519
[LOG][1663995180.7275929451] Return from hook antigen-bundle with 0
[LOG][1663995180.7276403904] /home/dangle/.antigen.zsh:1630
[LOG][1663995180.7276403904] Processing deferred bundle: docker DEFER
[WRN][1663995180.7277240753] /home/dangle/.antigen.zsh:1470
[WRN][1663995180.7277240753] Updated meta: target antigen-bundle mode repeat type pre called 20
[WRN][1663995180.7277824879] /home/dangle/.antigen.zsh:1470
[WRN][1663995180.7277824879] Updated meta: target antigen-bundle mode repeat type replace called 7
[WRN][1663995180.7278213501] /home/dangle/.antigen.zsh:1485
[WRN][1663995180.7278213501] Processing hooks: antigen-bundle-cached antigen-bundle-parallel
[WRN][1663995180.7278535366] /home/dangle/.antigen.zsh:1488
[WRN][1663995180.7278535366] Pre hook: antigen-bundle-cached docker
[WRN][1663995180.7279078960] /home/dangle/.antigen.zsh:1499
[WRN][1663995180.7279078960] Replace hook: antigen-bundle-parallel docker
[TRA][1663995180.7279434204] /home/dangle/.zshrc:1749
[TRA][1663995180.7279434204] antigen-bundle-parallel: docker PARALLEL
[TRA][1663995180.7279434204] TRACE
antigen-bundle-parallel
-antigen-hook-handler
antigen-bundle
antigen-apply-defer
-antigen-hook-handler
antigen-apply
-antigen-hook-antigen
-antigen-hook-handler
antigen
/home/dangle/.zshrc
[WRN][1663995180.7279899120] /home/dangle/.antigen.zsh:1510
[WRN][1663995180.7279899120] Replaced hooked function.
[LOG][1663995180.7280216217] /home/dangle/.antigen.zsh:1519
[LOG][1663995180.7280216217] Return from hook antigen-bundle with 0
[LOG][1663995180.7280676365] /home/dangle/.antigen.zsh:1630
[LOG][1663995180.7280676365] Processing deferred bundle: sudo DEFER
[WRN][1663995180.7281522751] /home/dangle/.antigen.zsh:1470
[WRN][1663995180.7281522751] Updated meta: target antigen-bundle mode repeat type pre called 21
[WRN][1663995180.7282106876] /home/dangle/.antigen.zsh:1470
[WRN][1663995180.7282106876] Updated meta: target antigen-bundle mode repeat type replace called 8
[WRN][1663995180.7282660007] /home/dangle/.antigen.zsh:1485
[WRN][1663995180.7282660007] Processing hooks: antigen-bundle-cached antigen-bundle-parallel
[WRN][1663995180.7283010483] /home/dangle/.antigen.zsh:1488
[WRN][1663995180.7283010483] Pre hook: antigen-bundle-cached sudo
[WRN][1663995180.7283561230] /home/dangle/.antigen.zsh:1499
[WRN][1663995180.7283561230] Replace hook: antigen-bundle-parallel sudo
[TRA][1663995180.7283916473] /home/dangle/.zshrc:1749
[TRA][1663995180.7283916473] antigen-bundle-parallel: sudo PARALLEL
[TRA][1663995180.7283916473] TRACE
antigen-bundle-parallel
-antigen-hook-handler
antigen-bundle
antigen-apply-defer
-antigen-hook-handler
antigen-apply
-antigen-hook-antigen
-antigen-hook-handler
antigen
/home/dangle/.zshrc
[WRN][1663995180.7284390926] /home/dangle/.antigen.zsh:1510
[WRN][1663995180.7284390926] Replaced hooked function.
[LOG][1663995180.7284710407] /home/dangle/.antigen.zsh:1519
[LOG][1663995180.7284710407] Return from hook antigen-bundle with 0
[LOG][1663995180.7285172939] /home/dangle/.antigen.zsh:1630
[LOG][1663995180.7285172939] Processing deferred bundle: systemd DEFER
[WRN][1663995180.7286019325] /home/dangle/.antigen.zsh:1470
[WRN][1663995180.7286019325] Updated meta: target antigen-bundle mode repeat type pre called 22
[WRN][1663995180.7286605835] /home/dangle/.antigen.zsh:1470
[WRN][1663995180.7286605835] Updated meta: target antigen-bundle mode repeat type replace called 9
[WRN][1663995180.7286994457] /home/dangle/.antigen.zsh:1485
[WRN][1663995180.7286994457] Processing hooks: antigen-bundle-cached antigen-bundle-parallel
[WRN][1663995180.7287316322] /home/dangle/.antigen.zsh:1488
[WRN][1663995180.7287316322] Pre hook: antigen-bundle-cached systemd
[WRN][1663995180.7287859917] /home/dangle/.antigen.zsh:1499
[WRN][1663995180.7287859917] Replace hook: antigen-bundle-parallel systemd
[TRA][1663995180.7288219929] /home/dangle/.zshrc:1749
[TRA][1663995180.7288219929] antigen-bundle-parallel: systemd PARALLEL
[TRA][1663995180.7288219929] TRACE
antigen-bundle-parallel
-antigen-hook-handler
antigen-bundle
antigen-apply-defer
-antigen-hook-handler
antigen-apply
-antigen-hook-antigen
-antigen-hook-handler
antigen
/home/dangle/.zshrc
[WRN][1663995180.7288694382] /home/dangle/.antigen.zsh:1510
[WRN][1663995180.7288694382] Replaced hooked function.
[LOG][1663995180.7289016247] /home/dangle/.antigen.zsh:1519
[LOG][1663995180.7289016247] Return from hook antigen-bundle with 0
[LOG][1663995180.7289481163] /home/dangle/.antigen.zsh:1630
[LOG][1663995180.7289481163] Processing deferred bundle: command-not-found DEFER
[WRN][1663995180.7290327549] /home/dangle/.antigen.zsh:1470
[WRN][1663995180.7290327549] Updated meta: target antigen-bundle mode repeat type pre called 23
[WRN][1663995180.7290911674] /home/dangle/.antigen.zsh:1470
[WRN][1663995180.7290911674] Updated meta: target antigen-bundle mode repeat type replace called 10
[WRN][1663995180.7291557789] /home/dangle/.antigen.zsh:1485
[WRN][1663995180.7291557789] Processing hooks: antigen-bundle-cached antigen-bundle-parallel
[WRN][1663995180.7291948795] /home/dangle/.antigen.zsh:1488
[WRN][1663995180.7291948795] Pre hook: antigen-bundle-cached command-not-found
[WRN][1663995180.7292547226] /home/dangle/.antigen.zsh:1499
[WRN][1663995180.7292547226] Replace hook: antigen-bundle-parallel command-not-found
[TRA][1663995180.7292916775] /home/dangle/.zshrc:1749
[TRA][1663995180.7292916775] antigen-bundle-parallel: command-not-found PARALLEL
[TRA][1663995180.7292916775] TRACE
antigen-bundle-parallel
-antigen-hook-handler
antigen-bundle
antigen-apply-defer
-antigen-hook-handler
antigen-apply
-antigen-hook-antigen
-antigen-hook-handler
antigen
/home/dangle/.zshrc
[WRN][1663995180.7293393612] /home/dangle/.antigen.zsh:1510
[WRN][1663995180.7293393612] Replaced hooked function.
[LOG][1663995180.7293717861] /home/dangle/.antigen.zsh:1519
[LOG][1663995180.7293717861] Return from hook antigen-bundle with 0
[LOG][1663995180.7294192314] /home/dangle/.antigen.zsh:1630
[LOG][1663995180.7294192314] Processing deferred bundle: zsh-users/zsh-syntax-highlighting DEFER
[WRN][1663995180.7295067310] /home/dangle/.antigen.zsh:1470
[WRN][1663995180.7295067310] Updated meta: target antigen-bundle mode repeat type pre called 24
[WRN][1663995180.7295701504] /home/dangle/.antigen.zsh:1470
[WRN][1663995180.7295701504] Updated meta: target antigen-bundle mode repeat type replace called 11
[WRN][1663995180.7296092510] /home/dangle/.antigen.zsh:1485
[WRN][1663995180.7296092510] Processing hooks: antigen-bundle-cached antigen-bundle-parallel
[WRN][1663995180.7296416759] /home/dangle/.antigen.zsh:1488
[WRN][1663995180.7296416759] Pre hook: antigen-bundle-cached zsh-users/zsh-syntax-highlighting
[WRN][1663995180.7296977043] /home/dangle/.antigen.zsh:1499
[WRN][1663995180.7296977043] Replace hook: antigen-bundle-parallel zsh-users/zsh-syntax-highlighting
[TRA][1663995180.7297341824] /home/dangle/.zshrc:1749
[TRA][1663995180.7297341824] antigen-bundle-parallel: zsh-users/zsh-syntax-highlighting PARALLEL
[TRA][1663995180.7297341824] TRACE
antigen-bundle-parallel
-antigen-hook-handler
antigen-bundle
antigen-apply-defer
-antigen-hook-handler
antigen-apply
-antigen-hook-antigen
-antigen-hook-handler
antigen
/home/dangle/.zshrc
[WRN][1663995180.7297828197] /home/dangle/.antigen.zsh:1510
[WRN][1663995180.7297828197] Replaced hooked function.
[LOG][1663995180.7298154831] /home/dangle/.antigen.zsh:1519
[LOG][1663995180.7298154831] Return from hook antigen-bundle with 0
[LOG][1663995180.7298624516] /home/dangle/.antigen.zsh:1630
[LOG][1663995180.7298624516] Processing deferred bundle: zsh-users/zsh-history-substring-search DEFER
[WRN][1663995180.7299494743] /home/dangle/.antigen.zsh:1470
[WRN][1663995180.7299494743] Updated meta: target antigen-bundle mode repeat type pre called 25
[WRN][1663995180.7300081253] /home/dangle/.antigen.zsh:1470
[WRN][1663995180.7300081253] Updated meta: target antigen-bundle mode repeat type replace called 12
[WRN][1663995180.7300472260] /home/dangle/.antigen.zsh:1485
[WRN][1663995180.7300472260] Processing hooks: antigen-bundle-cached antigen-bundle-parallel
[WRN][1663995180.7300798893] /home/dangle/.antigen.zsh:1488
[WRN][1663995180.7300798893] Pre hook: antigen-bundle-cached zsh-users/zsh-history-substring-search
[WRN][1663995180.7301356792] /home/dangle/.antigen.zsh:1499
[WRN][1663995180.7301356792] Replace hook: antigen-bundle-parallel zsh-users/zsh-history-substring-search
[TRA][1663995180.7301723957] /home/dangle/.zshrc:1749
[TRA][1663995180.7301723957] antigen-bundle-parallel: zsh-users/zsh-history-substring-search PARALLEL
[TRA][1663995180.7301723957] TRACE
antigen-bundle-parallel
-antigen-hook-handler
antigen-bundle
antigen-apply-defer
-antigen-hook-handler
antigen-apply
-antigen-hook-antigen
-antigen-hook-handler
antigen
/home/dangle/.zshrc
[WRN][1663995180.7302210331] /home/dangle/.antigen.zsh:1510
[WRN][1663995180.7302210331] Replaced hooked function.
[LOG][1663995180.7302536964] /home/dangle/.antigen.zsh:1519
[LOG][1663995180.7302536964] Return from hook antigen-bundle with 0
[LOG][1663995180.7303006649] /home/dangle/.antigen.zsh:1630
[LOG][1663995180.7303006649] Processing deferred bundle: spaceship-prompt/spaceship-prompt --btype=theme DEFER
[WRN][1663995180.7303881645] /home/dangle/.antigen.zsh:1470
[WRN][1663995180.7303881645] Updated meta: target antigen-bundle mode repeat type pre called 26
[WRN][1663995180.7304472923] /home/dangle/.antigen.zsh:1470
[WRN][1663995180.7304472923] Updated meta: target antigen-bundle mode repeat type replace called 13
[WRN][1663995180.7304859161] /home/dangle/.antigen.zsh:1485
[WRN][1663995180.7304859161] Processing hooks: antigen-bundle-cached antigen-bundle-parallel
[WRN][1663995180.7305190563] /home/dangle/.antigen.zsh:1488
[WRN][1663995180.7305190563] Pre hook: antigen-bundle-cached spaceship-prompt/spaceship-prompt --btype=theme
[WRN][1663995180.7305753231] /home/dangle/.antigen.zsh:1499
[WRN][1663995180.7305753231] Replace hook: antigen-bundle-parallel spaceship-prompt/spaceship-prompt --btype=theme
[TRA][1663995180.7306122780] /home/dangle/.zshrc:1749
[TRA][1663995180.7306122780] antigen-bundle-parallel: spaceship-prompt/spaceship-prompt --btype=theme PARALLEL
[TRA][1663995180.7306122780] TRACE
antigen-bundle-parallel
-antigen-hook-handler
antigen-bundle
antigen-apply-defer
-antigen-hook-handler
antigen-apply
-antigen-hook-antigen
-antigen-hook-handler
antigen
/home/dangle/.zshrc
[WRN][1663995180.7306640148] /home/dangle/.antigen.zsh:1510
[WRN][1663995180.7306640148] Replaced hooked function.
[LOG][1663995180.7306971550] /home/dangle/.antigen.zsh:1519
[LOG][1663995180.7306971550] Return from hook antigen-bundle with 0
[WRN][1663995180.7307653427] /home/dangle/.antigen.zsh:1499
[WRN][1663995180.7307653427] Replace hook: antigen-apply-parallel-execute
[WRN][1663995180.7308888435] /home/dangle/.antigen.zsh:1757
[WRN][1663995180.7308888435] Parallel replace-apply PARALLEL REPLACE-APPLY
[WRN][1663995180.7309949398] /home/dangle/.antigen.zsh:1696
[WRN][1663995180.7309949398] Parallel antigen-bundle-parallel-execute PARALLEL
[WRN][1663995180.7310342789] /home/dangle/.antigen.zsh:1700
[WRN][1663995180.7310342789] Gonna install in parallel 13 bundles. PARALLEL
[WRN][1663995180.7310667038] /home/dangle/.antigen.zsh:1702
[WRN][1663995180.7310667038] --loc=lib git git-extras python pip aws docker sudo systemd command-not-found zsh-users/zsh-syntax-highlighting zsh-users/zsh-history-substring-search spaceship-prompt/spaceship-prompt --btype=theme PARALLEL
[WRN][1663995180.7314131260] /home/dangle/.antigen.zsh:1709
[WRN][1663995180.7314131260] Install in parallel robbyrussell/oh-my-zsh. PARALLEL
[WRN][1663995180.7329323292] /home/dangle/.antigen.zsh:1716
[WRN][1663995180.7329323292] Bundle robbyrussell/oh-my-zsh already cloned locally. PARALLEL
[WRN][1663995180.7336537838] /home/dangle/.antigen.zsh:1716
[WRN][1663995180.7336537838] Bundle robbyrussell/oh-my-zsh already cloned locally. PARALLEL
[WRN][1663995180.7343418598] /home/dangle/.antigen.zsh:1716
[WRN][1663995180.7343418598] Bundle robbyrussell/oh-my-zsh already cloned locally. PARALLEL
[WRN][1663995180.7350068092] /home/dangle/.antigen.zsh:1716
[WRN][1663995180.7350068092] Bundle robbyrussell/oh-my-zsh already cloned locally. PARALLEL
[WRN][1663995180.7356600761] /home/dangle/.antigen.zsh:1716
[WRN][1663995180.7356600761] Bundle robbyrussell/oh-my-zsh already cloned locally. PARALLEL
[WRN][1663995180.7363173962] /home/dangle/.antigen.zsh:1716
[WRN][1663995180.7363173962] Bundle robbyrussell/oh-my-zsh already cloned locally. PARALLEL
[WRN][1663995180.7370321751] /home/dangle/.antigen.zsh:1716
[WRN][1663995180.7370321751] Bundle robbyrussell/oh-my-zsh already cloned locally. PARALLEL
[WRN][1663995180.7376942635] /home/dangle/.antigen.zsh:1716
[WRN][1663995180.7376942635] Bundle robbyrussell/oh-my-zsh already cloned locally. PARALLEL
[WRN][1663995180.7383365631] /home/dangle/.antigen.zsh:1716
[WRN][1663995180.7383365631] Bundle robbyrussell/oh-my-zsh already cloned locally. PARALLEL
[WRN][1663995180.7390272617] /home/dangle/.antigen.zsh:1709
[WRN][1663995180.7390272617] Install in parallel zsh-users/zsh-syntax-highlighting. PARALLEL
[WRN][1663995180.7404775620] /home/dangle/.antigen.zsh:1709
[WRN][1663995180.7404775620] Install in parallel zsh-users/zsh-history-substring-search. PARALLEL
[WRN][1663995180.7422361374] /home/dangle/.antigen.zsh:1709
[WRN][1663995180.7422361374] Install in parallel spaceship-prompt/spaceship-prompt. PARALLEL
[WRN][1663995183.8296639919] /home/dangle/.antigen.zsh:1470
[WRN][1663995183.8296639919] Updated meta: target antigen-bundle mode repeat type pre called 27
[WRN][1663995183.8298645020] /home/dangle/.antigen.zsh:1485
[WRN][1663995183.8298645020] Processing hooks: antigen-bundle-cached
[WRN][1663995183.8299667835] /home/dangle/.antigen.zsh:1488
[WRN][1663995183.8299667835] Pre hook: antigen-bundle-cached --loc=lib
[WRN][1663995183.8301126957] /home/dangle/.antigen.zsh:1506
[WRN][1663995183.8301126957] -antigen-hook-antigen-bundle --loc=lib
[TRA][1663995183.8302094936] /home/dangle/.antigen.zsh:1439
[TRA][1663995183.8302094936] Called antigen-bundle with --loc=lib BUNDLE
[TRA][1663995183.8302094936] TRACE
-antigen-hook-antigen-bundle
-antigen-hook-handler
antigen-bundle
antigen-bundle-parallel-execute
antigen-apply-parallel-execute
-antigen-hook-handler
antigen-apply
-antigen-hook-antigen
-antigen-hook-handler
antigen
/home/dangle/.zshrc
[WRN][1663995183.8318510056] /home/dangle/.antigen.zsh:1470
[WRN][1663995183.8318510056] Updated meta: target -antigen-load-env mode repeat type replace called 1
[WRN][1663995183.8319914341] /home/dangle/.antigen.zsh:1485
[WRN][1663995183.8319914341] Processing hooks: -antigen-load-env-cached
[WRN][1663995183.8321342468] /home/dangle/.antigen.zsh:1499
[WRN][1663995183.8321342468] Replace hook: -antigen-load-env-cached dir /home/dangle/.antigen/bundles/robbyrussell/oh-my-zsh btype plugin url https://github.com/robbyrussell/oh-my-zsh.git loc lib name robbyrussell/oh-my-zsh make_local_clone true
[WRN][1663995183.8323431015] /home/dangle/.antigen.zsh:1510
[WRN][1663995183.8323431015] Replaced hooked function.
[LOG][1663995183.8324375153] /home/dangle/.antigen.zsh:1519
[LOG][1663995183.8324375153] Return from hook -antigen-load-env with 0
[WRN][1663995183.8328506947] /home/dangle/.antigen.zsh:1470
[WRN][1663995183.8328506947] Updated meta: target -antigen-load-source mode repeat type replace called 1
[WRN][1663995183.8329613209] /home/dangle/.antigen.zsh:1485
[WRN][1663995183.8329613209] Processing hooks: -antigen-load-source-cached
[WRN][1663995183.8331196308] /home/dangle/.antigen.zsh:1499
[WRN][1663995183.8331196308] Replace hook: -antigen-load-source-cached /home/dangle/.antigen/bundles/robbyrussell/oh-my-zsh/lib/bzr.zsh /home/dangle/.antigen/bundles/robbyrussell/oh-my-zsh/lib/cli.zsh /home/dangle/.antigen/bundles/robbyrussell/oh-my-zsh/lib/clipboard.zsh /home/dangle/.antigen/bundles/robbyrussell/oh-my-zsh/lib/compfix.zsh /home/dangle/.antigen/bundles/robbyrussell/oh-my-zsh/lib/completion.zsh /home/dangle/.antigen/bundles/robbyrussell/oh-my-zsh/lib/correction.zsh /home/dangle/.antigen/bundles/robbyrussell/oh-my-zsh/lib/diagnostics.zsh /home/dangle/.antigen/bundles/robbyrussell/oh-my-zsh/lib/directories.zsh /home/dangle/.antigen/bundles/robbyrussell/oh-my-zsh/lib/functions.zsh /home/dangle/.antigen/bundles/robbyrussell/oh-my-zsh/lib/git.zsh /home/dangle/.antigen/bundles/robbyrussell/oh-my-zsh/lib/grep.zsh /home/dangle/.antigen/bundles/robbyrussell/oh-my-zsh/lib/history.zsh /home/dangle/.antigen/bundles/robbyrussell/oh-my-zsh/lib/key-bindings.zsh /home/dangle/.antigen/bundles/robbyrussell/oh-my-zsh/lib/misc.zsh /home/dangle/.antigen/bundles/robbyrussell/oh-my-zsh/lib/nvm.zsh /home/dangle/.antigen/bundles/robbyrussell/oh-my-zsh/lib/prompt_info_functions.zsh /home/dangle/.antigen/bundles/robbyrussell/oh-my-zsh/lib/spectrum.zsh /home/dangle/.antigen/bundles/robbyrussell/oh-my-zsh/lib/termsupport.zsh /home/dangle/.antigen/bundles/robbyrussell/oh-my-zsh/lib/theme-and-appearance.zsh /home/dangle/.antigen/bundles/robbyrussell/oh-my-zsh/lib/vcs_info.zsh
[WRN][1663995183.8333964348] /home/dangle/.antigen.zsh:1510
[WRN][1663995183.8333964348] Replaced hooked function.
[LOG][1663995183.8334827423] /home/dangle/.antigen.zsh:1519
[LOG][1663995183.8334827423] Return from hook -antigen-load-source with 0
[LOG][1663995183.8336632252] /home/dangle/.antigen.zsh:1519
[LOG][1663995183.8336632252] Return from hook antigen-bundle with 0
[WRN][1663995183.8339273930] /home/dangle/.antigen.zsh:1470
[WRN][1663995183.8339273930] Updated meta: target antigen-bundle mode repeat type pre called 28
[WRN][1663995183.8340287209] /home/dangle/.antigen.zsh:1485
[WRN][1663995183.8340287209] Processing hooks: antigen-bundle-cached
[WRN][1663995183.8341090679] /home/dangle/.antigen.zsh:1488
[WRN][1663995183.8341090679] Pre hook: antigen-bundle-cached git
[WRN][1663995183.8342356682] /home/dangle/.antigen.zsh:1506
[WRN][1663995183.8342356682] -antigen-hook-antigen-bundle git
[TRA][1663995183.8343222141] /home/dangle/.antigen.zsh:1439
[TRA][1663995183.8343222141] Called antigen-bundle with git BUNDLE
[TRA][1663995183.8343222141] TRACE
-antigen-hook-antigen-bundle
-antigen-hook-handler
antigen-bundle
antigen-bundle-parallel-execute
antigen-apply-parallel-execute
-antigen-hook-handler
antigen-apply
-antigen-hook-antigen
-antigen-hook-handler
antigen
/home/dangle/.zshrc
[WRN][1663995183.8353910446] /home/dangle/.antigen.zsh:1470
[WRN][1663995183.8353910446] Updated meta: target -antigen-load-env mode repeat type replace called 2
[WRN][1663995183.8355219364] /home/dangle/.antigen.zsh:1485
[WRN][1663995183.8355219364] Processing hooks: -antigen-load-env-cached
[WRN][1663995183.8356564045] /home/dangle/.antigen.zsh:1499
[WRN][1663995183.8356564045] Replace hook: -antigen-load-env-cached dir /home/dangle/.antigen/bundles/robbyrussell/oh-my-zsh btype plugin url https://github.com/robbyrussell/oh-my-zsh.git loc plugins/git name robbyrussell/oh-my-zsh make_local_clone true
[WRN][1663995183.8358564377] /home/dangle/.antigen.zsh:1510
[WRN][1663995183.8358564377] Replaced hooked function.
[LOG][1663995183.8359439373] /home/dangle/.antigen.zsh:1519
[LOG][1663995183.8359439373] Return from hook -antigen-load-env with 0
[WRN][1663995183.8362090588] /home/dangle/.antigen.zsh:1470
[WRN][1663995183.8362090588] Updated meta: target -antigen-load-source mode repeat type replace called 2
[WRN][1663995183.8363103867] /home/dangle/.antigen.zsh:1485
[WRN][1663995183.8363103867] Processing hooks: -antigen-load-source-cached
[WRN][1663995183.8364181519] /home/dangle/.antigen.zsh:1499
[WRN][1663995183.8364181519] Replace hook: -antigen-load-source-cached /home/dangle/.antigen/bundles/robbyrussell/oh-my-zsh/plugins/git/git.plugin.zsh
[WRN][1663995183.8365414143] /home/dangle/.antigen.zsh:1510
[WRN][1663995183.8365414143] Replaced hooked function.
[LOG][1663995183.8366234303] /home/dangle/.antigen.zsh:1519
[LOG][1663995183.8366234303] Return from hook -antigen-load-source with 0
[LOG][1663995183.8367936611] /home/dangle/.antigen.zsh:1519
[LOG][1663995183.8367936611] Return from hook antigen-bundle with 0
[WRN][1663995183.8371171951] /home/dangle/.antigen.zsh:1470
[WRN][1663995183.8371171951] Updated meta: target antigen-bundle mode repeat type pre called 29
[WRN][1663995183.8372354507] /home/dangle/.antigen.zsh:1485
[WRN][1663995183.8372354507] Processing hooks: antigen-bundle-cached
[WRN][1663995183.8373196125] /home/dangle/.antigen.zsh:1488
[WRN][1663995183.8373196125] Pre hook: antigen-bundle-cached git-extras
[WRN][1663995183.8374488354] /home/dangle/.antigen.zsh:1506
[WRN][1663995183.8374488354] -antigen-hook-antigen-bundle git-extras
[TRA][1663995183.8375353813] /home/dangle/.antigen.zsh:1439
[TRA][1663995183.8375353813] Called antigen-bundle with git-extras BUNDLE
[TRA][1663995183.8375353813] TRACE
-antigen-hook-antigen-bundle
-antigen-hook-handler
antigen-bundle
antigen-bundle-parallel-execute
antigen-apply-parallel-execute
-antigen-hook-handler
antigen-apply
-antigen-hook-antigen
-antigen-hook-handler
antigen
/home/dangle/.zshrc
[WRN][1663995183.8386056423] /home/dangle/.antigen.zsh:1470
[WRN][1663995183.8386056423] Updated meta: target -antigen-load-env mode repeat type replace called 3
[WRN][1663995183.8387296200] /home/dangle/.antigen.zsh:1485
[WRN][1663995183.8387296200] Processing hooks: -antigen-load-env-cached
[WRN][1663995183.8388636112] /home/dangle/.antigen.zsh:1499
[WRN][1663995183.8388636112] Replace hook: -antigen-load-env-cached dir /home/dangle/.antigen/bundles/robbyrussell/oh-my-zsh btype plugin url https://github.com/robbyrussell/oh-my-zsh.git loc plugins/git-extras name robbyrussell/oh-my-zsh make_local_clone true
[WRN][1663995183.8390653133] /home/dangle/.antigen.zsh:1510
[WRN][1663995183.8390653133] Replaced hooked function.
[LOG][1663995183.8391535282] /home/dangle/.antigen.zsh:1519
[LOG][1663995183.8391535282] Return from hook -antigen-load-env with 0
[WRN][1663995183.8394193649] /home/dangle/.antigen.zsh:1470
[WRN][1663995183.8394193649] Updated meta: target -antigen-load-source mode repeat type replace called 3
[WRN][1663995183.8395216465] /home/dangle/.antigen.zsh:1485
[WRN][1663995183.8395216465] Processing hooks: -antigen-load-source-cached
[WRN][1663995183.8396298885] /home/dangle/.antigen.zsh:1499
[WRN][1663995183.8396298885] Replace hook: -antigen-load-source-cached /home/dangle/.antigen/bundles/robbyrussell/oh-my-zsh/plugins/git-extras/git-extras.plugin.zsh
[WRN][1663995183.8397545815] /home/dangle/.antigen.zsh:1510
[WRN][1663995183.8397545815] Replaced hooked function.
[LOG][1663995183.8398470879] /home/dangle/.antigen.zsh:1519
[LOG][1663995183.8398470879] Return from hook -antigen-load-source with 0
[LOG][1663995183.8400156498] /home/dangle/.antigen.zsh:1519
[LOG][1663995183.8400156498] Return from hook antigen-bundle with 0
[WRN][1663995183.8402760029] /home/dangle/.antigen.zsh:1470
[WRN][1663995183.8402760029] Updated meta: target antigen-bundle mode repeat type pre called 30
[WRN][1663995183.8403749466] /home/dangle/.antigen.zsh:1485
[WRN][1663995183.8403749466] Processing hooks: antigen-bundle-cached
[WRN][1663995183.8404538631] /home/dangle/.antigen.zsh:1488
[WRN][1663995183.8404538631] Pre hook: antigen-bundle-cached python
[WRN][1663995183.8405790329] /home/dangle/.antigen.zsh:1506
[WRN][1663995183.8405790329] -antigen-hook-antigen-bundle python
[TRA][1663995183.8406653404] /home/dangle/.antigen.zsh:1439
[TRA][1663995183.8406653404] Called antigen-bundle with python BUNDLE
[TRA][1663995183.8406653404] TRACE
-antigen-hook-antigen-bundle
-antigen-hook-handler
antigen-bundle
antigen-bundle-parallel-execute
antigen-apply-parallel-execute
-antigen-hook-handler
antigen-apply
-antigen-hook-antigen
-antigen-hook-handler
antigen
/home/dangle/.zshrc
[WRN][1663995183.8417410851] /home/dangle/.antigen.zsh:1470
[WRN][1663995183.8417410851] Updated meta: target -antigen-load-env mode repeat type replace called 4
[WRN][1663995183.8418669701] /home/dangle/.antigen.zsh:1485
[WRN][1663995183.8418669701] Processing hooks: -antigen-load-env-cached
[WRN][1663995183.8420007229] /home/dangle/.antigen.zsh:1499
[WRN][1663995183.8420007229] Replace hook: -antigen-load-env-cached dir /home/dangle/.antigen/bundles/robbyrussell/oh-my-zsh btype plugin url https://github.com/robbyrussell/oh-my-zsh.git loc plugins/python name robbyrussell/oh-my-zsh make_local_clone true
[WRN][1663995183.8422017097] /home/dangle/.antigen.zsh:1510
[WRN][1663995183.8422017097] Replaced hooked function.
[LOG][1663995183.8422896862] /home/dangle/.antigen.zsh:1519
[LOG][1663995183.8422896862] Return from hook -antigen-load-env with 0
[WRN][1663995183.8425529003] /home/dangle/.antigen.zsh:1470
[WRN][1663995183.8425529003] Updated meta: target -antigen-load-source mode repeat type replace called 4
[WRN][1663995183.8426558971] /home/dangle/.antigen.zsh:1485
[WRN][1663995183.8426558971] Processing hooks: -antigen-load-source-cached
[WRN][1663995183.8427627087] /home/dangle/.antigen.zsh:1499
[WRN][1663995183.8427627087] Replace hook: -antigen-load-source-cached /home/dangle/.antigen/bundles/robbyrussell/oh-my-zsh/plugins/python/python.plugin.zsh
[WRN][1663995183.8428854942] /home/dangle/.antigen.zsh:1510
[WRN][1663995183.8428854942] Replaced hooked function.
[LOG][1663995183.8429672718] /home/dangle/.antigen.zsh:1519
[LOG][1663995183.8429672718] Return from hook -antigen-load-source with 0
[LOG][1663995183.8431379795] /home/dangle/.antigen.zsh:1519
[LOG][1663995183.8431379795] Return from hook antigen-bundle with 0
[WRN][1663995183.8433914185] /home/dangle/.antigen.zsh:1470
[WRN][1663995183.8433914185] Updated meta: target antigen-bundle mode repeat type pre called 31
[WRN][1663995183.8434903622] /home/dangle/.antigen.zsh:1485
[WRN][1663995183.8434903622] Processing hooks: antigen-bundle-cached
[WRN][1663995183.8435692787] /home/dangle/.antigen.zsh:1488
[WRN][1663995183.8435692787] Pre hook: antigen-bundle-cached pip
[WRN][1663995183.8436937332] /home/dangle/.antigen.zsh:1506
[WRN][1663995183.8436937332] -antigen-hook-antigen-bundle pip
[TRA][1663995183.8437793255] /home/dangle/.antigen.zsh:1439
[TRA][1663995183.8437793255] Called antigen-bundle with pip BUNDLE
[TRA][1663995183.8437793255] TRACE
-antigen-hook-antigen-bundle
-antigen-hook-handler
antigen-bundle
antigen-bundle-parallel-execute
antigen-apply-parallel-execute
-antigen-hook-handler
antigen-apply
-antigen-hook-antigen
-antigen-hook-handler
antigen
/home/dangle/.zshrc
[WRN][1663995183.8448803425] /home/dangle/.antigen.zsh:1470
[WRN][1663995183.8448803425] Updated meta: target -antigen-load-env mode repeat type replace called 5
[WRN][1663995183.8450195789] /home/dangle/.antigen.zsh:1485
[WRN][1663995183.8450195789] Processing hooks: -antigen-load-env-cached
[WRN][1663995183.8452148438] /home/dangle/.antigen.zsh:1499
[WRN][1663995183.8452148438] Replace hook: -antigen-load-env-cached dir /home/dangle/.antigen/bundles/robbyrussell/oh-my-zsh btype plugin url https://github.com/robbyrussell/oh-my-zsh.git loc plugins/pip name robbyrussell/oh-my-zsh make_local_clone true
[WRN][1663995183.8453795910] /home/dangle/.antigen.zsh:1510
[WRN][1663995183.8453795910] Replaced hooked function.
[LOG][1663995183.8454124928] /home/dangle/.antigen.zsh:1519
[LOG][1663995183.8454124928] Return from hook -antigen-load-env with 0
[WRN][1663995183.8455023766] /home/dangle/.antigen.zsh:1470
[WRN][1663995183.8455023766] Updated meta: target -antigen-load-source mode repeat type replace called 5
[WRN][1663995183.8455336094] /home/dangle/.antigen.zsh:1485
[WRN][1663995183.8455336094] Processing hooks: -antigen-load-source-cached
[WRN][1663995183.8455667496] /home/dangle/.antigen.zsh:1499
[WRN][1663995183.8455667496] Replace hook: -antigen-load-source-cached /home/dangle/.antigen/bundles/robbyrussell/oh-my-zsh/plugins/pip/pip.plugin.zsh
[WRN][1663995183.8456025124] /home/dangle/.antigen.zsh:1510
[WRN][1663995183.8456025124] Replaced hooked function.
[LOG][1663995183.8456258774] /home/dangle/.antigen.zsh:1519
[LOG][1663995183.8456258774] Return from hook -antigen-load-source with 0
[LOG][1663995183.8456776142] /home/dangle/.antigen.zsh:1519
[LOG][1663995183.8456776142] Return from hook antigen-bundle with 0
[WRN][1663995183.8457531929] /home/dangle/.antigen.zsh:1470
[WRN][1663995183.8457531929] Updated meta: target antigen-bundle mode repeat type pre called 32
[WRN][1663995183.8457818031] /home/dangle/.antigen.zsh:1485
[WRN][1663995183.8457818031] Processing hooks: antigen-bundle-cached
[WRN][1663995183.8458042145] /home/dangle/.antigen.zsh:1488
[WRN][1663995183.8458042145] Pre hook: antigen-bundle-cached aws
[WRN][1663995183.8458395004] /home/dangle/.antigen.zsh:1506
[WRN][1663995183.8458395004] -antigen-hook-antigen-bundle aws
[TRA][1663995183.8458638191] /home/dangle/.antigen.zsh:1439
[TRA][1663995183.8458638191] Called antigen-bundle with aws BUNDLE
[TRA][1663995183.8458638191] TRACE
-antigen-hook-antigen-bundle
-antigen-hook-handler
antigen-bundle
antigen-bundle-parallel-execute
antigen-apply-parallel-execute
-antigen-hook-handler
antigen-apply
-antigen-hook-antigen
-antigen-hook-handler
antigen
/home/dangle/.zshrc
[WRN][1663995183.8461880684] /home/dangle/.antigen.zsh:1470
[WRN][1663995183.8461880684] Updated meta: target -antigen-load-env mode repeat type replace called 6
[WRN][1663995183.8462247849] /home/dangle/.antigen.zsh:1485
[WRN][1663995183.8462247849] Processing hooks: -antigen-load-env-cached
[WRN][1663995183.8462638855] /home/dangle/.antigen.zsh:1499
[WRN][1663995183.8462638855] Replace hook: -antigen-load-env-cached dir /home/dangle/.antigen/bundles/robbyrussell/oh-my-zsh btype plugin url https://github.com/robbyrussell/oh-my-zsh.git loc plugins/aws name robbyrussell/oh-my-zsh make_local_clone true
[WRN][1663995183.8463206291] /home/dangle/.antigen.zsh:1510
[WRN][1663995183.8463206291] Replaced hooked function.
[LOG][1663995183.8463454247] /home/dangle/.antigen.zsh:1519
[LOG][1663995183.8463454247] Return from hook -antigen-load-env with 0
[WRN][1663995183.8464262486] /home/dangle/.antigen.zsh:1470
[WRN][1663995183.8464262486] Updated meta: target -antigen-load-source mode repeat type replace called 6
[WRN][1663995183.8464729786] /home/dangle/.antigen.zsh:1485
[WRN][1663995183.8464729786] Processing hooks: -antigen-load-source-cached
[WRN][1663995183.8465032578] /home/dangle/.antigen.zsh:1499
[WRN][1663995183.8465032578] Replace hook: -antigen-load-source-cached /home/dangle/.antigen/bundles/robbyrussell/oh-my-zsh/plugins/aws/aws.plugin.zsh
[WRN][1663995183.8465378284] /home/dangle/.antigen.zsh:1510
[WRN][1663995183.8465378284] Replaced hooked function.
[LOG][1663995183.8465614319] /home/dangle/.antigen.zsh:1519
[LOG][1663995183.8465614319] Return from hook -antigen-load-source with 0
[LOG][1663995183.8466145992] /home/dangle/.antigen.zsh:1519
[LOG][1663995183.8466145992] Return from hook antigen-bundle with 0
[WRN][1663995183.8466877937] /home/dangle/.antigen.zsh:1470
[WRN][1663995183.8466877937] Updated meta: target antigen-bundle mode repeat type pre called 33
[WRN][1663995183.8467164040] /home/dangle/.antigen.zsh:1485
[WRN][1663995183.8467164040] Processing hooks: antigen-bundle-cached
[WRN][1663995183.8467392921] /home/dangle/.antigen.zsh:1488
[WRN][1663995183.8467392921] Pre hook: antigen-bundle-cached docker
[WRN][1663995183.8467748165] /home/dangle/.antigen.zsh:1506
[WRN][1663995183.8467748165] -antigen-hook-antigen-bundle docker
[TRA][1663995183.8467991352] /home/dangle/.antigen.zsh:1439
[TRA][1663995183.8467991352] Called antigen-bundle with docker BUNDLE
[TRA][1663995183.8467991352] TRACE
-antigen-hook-antigen-bundle
-antigen-hook-handler
antigen-bundle
antigen-bundle-parallel-execute
antigen-apply-parallel-execute
-antigen-hook-handler
antigen-apply
-antigen-hook-antigen
-antigen-hook-handler
antigen
/home/dangle/.zshrc
[WRN][1663995183.8471028805] /home/dangle/.antigen.zsh:1470
[WRN][1663995183.8471028805] Updated meta: target -antigen-load-env mode repeat type replace called 7
[WRN][1663995183.8471381664] /home/dangle/.antigen.zsh:1485
[WRN][1663995183.8471381664] Processing hooks: -antigen-load-env-cached
[WRN][1663995183.8471760750] /home/dangle/.antigen.zsh:1499
[WRN][1663995183.8471760750] Replace hook: -antigen-load-env-cached dir /home/dangle/.antigen/bundles/robbyrussell/oh-my-zsh btype plugin url https://github.com/robbyrussell/oh-my-zsh.git loc plugins/docker name robbyrussell/oh-my-zsh make_local_clone true
[WRN][1663995183.8472332954] /home/dangle/.antigen.zsh:1510
[WRN][1663995183.8472332954] Replaced hooked function.
[LOG][1663995183.8472578526] /home/dangle/.antigen.zsh:1519
[LOG][1663995183.8472578526] Return from hook -antigen-load-env with 0
[WRN][1663995183.8473496437] /home/dangle/.antigen.zsh:1470
[WRN][1663995183.8473496437] Updated meta: target -antigen-load-source mode repeat type replace called 7
[WRN][1663995183.8473789692] /home/dangle/.antigen.zsh:1485
[WRN][1663995183.8473789692] Processing hooks: -antigen-load-source-cached
[WRN][1663995183.8474090099] /home/dangle/.antigen.zsh:1499
[WRN][1663995183.8474090099] Replace hook: -antigen-load-source-cached /home/dangle/.antigen/bundles/robbyrussell/oh-my-zsh/plugins/docker/docker.plugin.zsh
[WRN][1663995183.8474433422] /home/dangle/.antigen.zsh:1510
[WRN][1663995183.8474433422] Replaced hooked function.
[LOG][1663995183.8474664688] /home/dangle/.antigen.zsh:1519
[LOG][1663995183.8474664688] Return from hook -antigen-load-source with 0
[LOG][1663995183.8475153446] /home/dangle/.antigen.zsh:1519
[LOG][1663995183.8475153446] Return from hook antigen-bundle with 0
[WRN][1663995183.8475894928] /home/dangle/.antigen.zsh:1470
[WRN][1663995183.8475894928] Updated meta: target antigen-bundle mode repeat type pre called 34
[WRN][1663995183.8476176262] /home/dangle/.antigen.zsh:1485
[WRN][1663995183.8476176262] Processing hooks: antigen-bundle-cached
[WRN][1663995183.8476402760] /home/dangle/.antigen.zsh:1488
[WRN][1663995183.8476402760] Pre hook: antigen-bundle-cached sudo
[WRN][1663995183.8476755619] /home/dangle/.antigen.zsh:1506
[WRN][1663995183.8476755619] -antigen-hook-antigen-bundle sudo
[TRA][1663995183.8476996422] /home/dangle/.antigen.zsh:1439
[TRA][1663995183.8476996422] Called antigen-bundle with sudo BUNDLE
[TRA][1663995183.8476996422] TRACE
-antigen-hook-antigen-bundle
-antigen-hook-handler
antigen-bundle
antigen-bundle-parallel-execute
antigen-apply-parallel-execute
-antigen-hook-handler
antigen-apply
-antigen-hook-antigen
-antigen-hook-handler
antigen
/home/dangle/.zshrc
[WRN][1663995183.8480105400] /home/dangle/.antigen.zsh:1470
[WRN][1663995183.8480105400] Updated meta: target -antigen-load-env mode repeat type replace called 8
[WRN][1663995183.8480439186] /home/dangle/.antigen.zsh:1485
[WRN][1663995183.8480439186] Processing hooks: -antigen-load-env-cached
[WRN][1663995183.8480789661] /home/dangle/.antigen.zsh:1499
[WRN][1663995183.8480789661] Replace hook: -antigen-load-env-cached dir /home/dangle/.antigen/bundles/robbyrussell/oh-my-zsh btype plugin url https://github.com/robbyrussell/oh-my-zsh.git loc plugins/sudo name robbyrussell/oh-my-zsh make_local_clone true
[WRN][1663995183.8481357098] /home/dangle/.antigen.zsh:1510
[WRN][1663995183.8481357098] Replaced hooked function.
[LOG][1663995183.8481583595] /home/dangle/.antigen.zsh:1519
[LOG][1663995183.8481583595] Return from hook -antigen-load-env with 0
[WRN][1663995183.8482263088] /home/dangle/.antigen.zsh:1470
[WRN][1663995183.8482263088] Updated meta: target -antigen-load-source mode repeat type replace called 8
[WRN][1663995183.8482527733] /home/dangle/.antigen.zsh:1485
[WRN][1663995183.8482527733] Processing hooks: -antigen-load-source-cached
[WRN][1663995183.8482799530] /home/dangle/.antigen.zsh:1499
[WRN][1663995183.8482799530] Replace hook: -antigen-load-source-cached /home/dangle/.antigen/bundles/robbyrussell/oh-my-zsh/plugins/sudo/sudo.plugin.zsh
[WRN][1663995183.8483116627] /home/dangle/.antigen.zsh:1510
[WRN][1663995183.8483116627] Replaced hooked function.
[LOG][1663995183.8483326435] /home/dangle/.antigen.zsh:1519
[LOG][1663995183.8483326435] Return from hook -antigen-load-source with 0
[LOG][1663995183.8483765125] /home/dangle/.antigen.zsh:1519
[LOG][1663995183.8483765125] Return from hook antigen-bundle with 0
[WRN][1663995183.8484420776] /home/dangle/.antigen.zsh:1470
[WRN][1663995183.8484420776] Updated meta: target antigen-bundle mode repeat type pre called 35
[WRN][1663995183.8484673500] /home/dangle/.antigen.zsh:1485
[WRN][1663995183.8484673500] Processing hooks: antigen-bundle-cached
[WRN][1663995183.8484880924] /home/dangle/.antigen.zsh:1488
[WRN][1663995183.8484880924] Pre hook: antigen-bundle-cached systemd
[WRN][1663995183.8485207558] /home/dangle/.antigen.zsh:1506
[WRN][1663995183.8485207558] -antigen-hook-antigen-bundle systemd
[TRA][1663995183.8485436440] /home/dangle/.antigen.zsh:1439
[TRA][1663995183.8485436440] Called antigen-bundle with systemd BUNDLE
[TRA][1663995183.8485436440] TRACE
-antigen-hook-antigen-bundle
-antigen-hook-handler
antigen-bundle
antigen-bundle-parallel-execute
antigen-apply-parallel-execute
-antigen-hook-handler
antigen-apply
-antigen-hook-antigen
-antigen-hook-handler
antigen
/home/dangle/.zshrc
[WRN][1663995183.8488492966] /home/dangle/.antigen.zsh:1470
[WRN][1663995183.8488492966] Updated meta: target -antigen-load-env mode repeat type replace called 9
[WRN][1663995183.8488857746] /home/dangle/.antigen.zsh:1485
[WRN][1663995183.8488857746] Processing hooks: -antigen-load-env-cached
[WRN][1663995183.8489236832] /home/dangle/.antigen.zsh:1499
[WRN][1663995183.8489236832] Replace hook: -antigen-load-env-cached dir /home/dangle/.antigen/bundles/robbyrussell/oh-my-zsh btype plugin url https://github.com/robbyrussell/oh-my-zsh.git loc plugins/systemd name robbyrussell/oh-my-zsh make_local_clone true
[WRN][1663995183.8489801884] /home/dangle/.antigen.zsh:1510
[WRN][1663995183.8489801884] Replaced hooked function.
[LOG][1663995183.8490049839] /home/dangle/.antigen.zsh:1519
[LOG][1663995183.8490049839] Return from hook -antigen-load-env with 0
[WRN][1663995183.8490796089] /home/dangle/.antigen.zsh:1470
[WRN][1663995183.8490796089] Updated meta: target -antigen-load-source mode repeat type replace called 9
[WRN][1663995183.8491086960] /home/dangle/.antigen.zsh:1485
[WRN][1663995183.8491086960] Processing hooks: -antigen-load-source-cached
[WRN][1663995183.8491394520] /home/dangle/.antigen.zsh:1499
[WRN][1663995183.8491394520] Replace hook: -antigen-load-source-cached /home/dangle/.antigen/bundles/robbyrussell/oh-my-zsh/plugins/systemd/systemd.plugin.zsh
[WRN][1663995183.8491747379] /home/dangle/.antigen.zsh:1510
[WRN][1663995183.8491747379] Replaced hooked function.
[LOG][1663995183.8491978645] /home/dangle/.antigen.zsh:1519
[LOG][1663995183.8491978645] Return from hook -antigen-load-source with 0
[LOG][1663995183.8492465019] /home/dangle/.antigen.zsh:1519
[LOG][1663995183.8492465019] Return from hook antigen-bundle with 0
[WRN][1663995183.8493208885] /home/dangle/.antigen.zsh:1470
[WRN][1663995183.8493208885] Updated meta: target antigen-bundle mode repeat type pre called 36
[WRN][1663995183.8493492603] /home/dangle/.antigen.zsh:1485
[WRN][1663995183.8493492603] Processing hooks: antigen-bundle-cached
[WRN][1663995183.8493714333] /home/dangle/.antigen.zsh:1488
[WRN][1663995183.8493714333] Pre hook: antigen-bundle-cached command-not-found
[WRN][1663995183.8494067192] /home/dangle/.antigen.zsh:1506
[WRN][1663995183.8494067192] -antigen-hook-antigen-bundle command-not-found
[TRA][1663995183.8494312763] /home/dangle/.antigen.zsh:1439
[TRA][1663995183.8494312763] Called antigen-bundle with command-not-found BUNDLE
[TRA][1663995183.8494312763] TRACE
-antigen-hook-antigen-bundle
-antigen-hook-handler
antigen-bundle
antigen-bundle-parallel-execute
antigen-apply-parallel-execute
-antigen-hook-handler
antigen-apply
-antigen-hook-antigen
-antigen-hook-handler
antigen
/home/dangle/.zshrc
[WRN][1663995183.8497357368] /home/dangle/.antigen.zsh:1470
[WRN][1663995183.8497357368] Updated meta: target -antigen-load-env mode repeat type replace called 10
[WRN][1663995183.8497714996] /home/dangle/.antigen.zsh:1485
[WRN][1663995183.8497714996] Processing hooks: -antigen-load-env-cached
[WRN][1663995183.8498098850] /home/dangle/.antigen.zsh:1499
[WRN][1663995183.8498098850] Replace hook: -antigen-load-env-cached dir /home/dangle/.antigen/bundles/robbyrussell/oh-my-zsh btype plugin url https://github.com/robbyrussell/oh-my-zsh.git loc plugins/command-not-found name robbyrussell/oh-my-zsh make_local_clone true
[WRN][1663995183.8498673439] /home/dangle/.antigen.zsh:1510
[WRN][1663995183.8498673439] Replaced hooked function.
[LOG][1663995183.8498930931] /home/dangle/.antigen.zsh:1519
[LOG][1663995183.8498930931] Return from hook -antigen-load-env with 0
[WRN][1663995183.8499684334] /home/dangle/.antigen.zsh:1470
[WRN][1663995183.8499684334] Updated meta: target -antigen-load-source mode repeat type replace called 10
[WRN][1663995183.8499977589] /home/dangle/.antigen.zsh:1485
[WRN][1663995183.8499977589] Processing hooks: -antigen-load-source-cached
[WRN][1663995183.8500289917] /home/dangle/.antigen.zsh:1499
[WRN][1663995183.8500289917] Replace hook: -antigen-load-source-cached /home/dangle/.antigen/bundles/robbyrussell/oh-my-zsh/plugins/command-not-found/command-not-found.plugin.zsh
[WRN][1663995183.8500645161] /home/dangle/.antigen.zsh:1510
[WRN][1663995183.8500645161] Replaced hooked function.
[LOG][1663995183.8500881195] /home/dangle/.antigen.zsh:1519
[LOG][1663995183.8500881195] Return from hook -antigen-load-source with 0
[LOG][1663995183.8501372337] /home/dangle/.antigen.zsh:1519
[LOG][1663995183.8501372337] Return from hook antigen-bundle with 0
[WRN][1663995183.8502116203] /home/dangle/.antigen.zsh:1470
[WRN][1663995183.8502116203] Updated meta: target antigen-bundle mode repeat type pre called 37
[WRN][1663995183.8502402306] /home/dangle/.antigen.zsh:1485
[WRN][1663995183.8502402306] Processing hooks: antigen-bundle-cached
[WRN][1663995183.8502631187] /home/dangle/.antigen.zsh:1488
[WRN][1663995183.8502631187] Pre hook: antigen-bundle-cached zsh-users/zsh-syntax-highlighting
[WRN][1663995183.8502988815] /home/dangle/.antigen.zsh:1506
[WRN][1663995183.8502988815] -antigen-hook-antigen-bundle zsh-users/zsh-syntax-highlighting
[TRA][1663995183.8503232002] /home/dangle/.antigen.zsh:1439
[TRA][1663995183.8503232002] Called antigen-bundle with zsh-users/zsh-syntax-highlighting BUNDLE
[TRA][1663995183.8503232002] TRACE
-antigen-hook-antigen-bundle
-antigen-hook-handler
antigen-bundle
antigen-bundle-parallel-execute
antigen-apply-parallel-execute
-antigen-hook-handler
antigen-apply
-antigen-hook-antigen
-antigen-hook-handler
antigen
/home/dangle/.zshrc
[WRN][1663995183.8506443501] /home/dangle/.antigen.zsh:1470
[WRN][1663995183.8506443501] Updated meta: target -antigen-load-env mode repeat type replace called 11
[WRN][1663995183.8506779671] /home/dangle/.antigen.zsh:1485
[WRN][1663995183.8506779671] Processing hooks: -antigen-load-env-cached
[WRN][1663995183.8507163525] /home/dangle/.antigen.zsh:1499
[WRN][1663995183.8507163525] Replace hook: -antigen-load-env-cached dir /home/dangle/.antigen/bundles/zsh-users/zsh-syntax-highlighting btype plugin url https://github.com/zsh-users/zsh-syntax-highlighting.git loc / name zsh-users/zsh-syntax-highlighting make_local_clone true
[WRN][1663995183.8507702351] /home/dangle/.antigen.zsh:1510
[WRN][1663995183.8507702351] Replaced hooked function.
[LOG][1663995183.8507933617] /home/dangle/.antigen.zsh:1519
[LOG][1663995183.8507933617] Return from hook -antigen-load-env with 0
[WRN][1663995183.8508615494] /home/dangle/.antigen.zsh:1470
[WRN][1663995183.8508615494] Updated meta: target -antigen-load-source mode repeat type replace called 11
[WRN][1663995183.8508880138] /home/dangle/.antigen.zsh:1485
[WRN][1663995183.8508880138] Processing hooks: -antigen-load-source-cached
[WRN][1663995183.8509159088] /home/dangle/.antigen.zsh:1499
[WRN][1663995183.8509159088] Replace hook: -antigen-load-source-cached /home/dangle/.antigen/bundles/zsh-users/zsh-syntax-highlighting///zsh-syntax-highlighting.plugin.zsh
[WRN][1663995183.8509643078] /home/dangle/.antigen.zsh:1510
[WRN][1663995183.8509643078] Replaced hooked function.
[LOG][1663995183.8509976864] /home/dangle/.antigen.zsh:1519
[LOG][1663995183.8509976864] Return from hook -antigen-load-source with 0
[LOG][1663995183.8510479927] /home/dangle/.antigen.zsh:1519
[LOG][1663995183.8510479927] Return from hook antigen-bundle with 0
[WRN][1663995183.8511214256] /home/dangle/.antigen.zsh:1470
[WRN][1663995183.8511214256] Updated meta: target antigen-bundle mode repeat type pre called 38
[WRN][1663995183.8511495590] /home/dangle/.antigen.zsh:1485
[WRN][1663995183.8511495590] Processing hooks: antigen-bundle-cached
[WRN][1663995183.8511719704] /home/dangle/.antigen.zsh:1488
[WRN][1663995183.8511719704] Pre hook: antigen-bundle-cached zsh-users/zsh-history-substring-search
[WRN][1663995183.8512086868] /home/dangle/.antigen.zsh:1506
[WRN][1663995183.8512086868] -antigen-hook-antigen-bundle zsh-users/zsh-history-substring-search
[TRA][1663995183.8512334824] /home/dangle/.antigen.zsh:1439
[TRA][1663995183.8512334824] Called antigen-bundle with zsh-users/zsh-history-substring-search BUNDLE
[TRA][1663995183.8512334824] TRACE
-antigen-hook-antigen-bundle
-antigen-hook-handler
antigen-bundle
antigen-bundle-parallel-execute
antigen-apply-parallel-execute
-antigen-hook-handler
antigen-apply
-antigen-hook-antigen
-antigen-hook-handler
antigen
/home/dangle/.zshrc
[WRN][1663995183.8515517712] /home/dangle/.antigen.zsh:1470
[WRN][1663995183.8515517712] Updated meta: target -antigen-load-env mode repeat type replace called 12
[WRN][1663995183.8515870571] /home/dangle/.antigen.zsh:1485
[WRN][1663995183.8515870571] Processing hooks: -antigen-load-env-cached
[WRN][1663995183.8516252041] /home/dangle/.antigen.zsh:1499
[WRN][1663995183.8516252041] Replace hook: -antigen-load-env-cached dir /home/dangle/.antigen/bundles/zsh-users/zsh-history-substring-search btype plugin url https://github.com/zsh-users/zsh-history-substring-search.git loc / name zsh-users/zsh-history-substring-search make_local_clone true
[WRN][1663995183.8516829014] /home/dangle/.antigen.zsh:1510
[WRN][1663995183.8516829014] Replaced hooked function.
[LOG][1663995183.8517074585] /home/dangle/.antigen.zsh:1519
[LOG][1663995183.8517074585] Return from hook -antigen-load-env with 0
[WRN][1663995183.8517825603] /home/dangle/.antigen.zsh:1470
[WRN][1663995183.8517825603] Updated meta: target -antigen-load-source mode repeat type replace called 12
[WRN][1663995183.8518114090] /home/dangle/.antigen.zsh:1485
[WRN][1663995183.8518114090] Processing hooks: -antigen-load-source-cached
[WRN][1663995183.8518419266] /home/dangle/.antigen.zsh:1499
[WRN][1663995183.8518419266] Replace hook: -antigen-load-source-cached /home/dangle/.antigen/bundles/zsh-users/zsh-history-substring-search///zsh-history-substring-search.plugin.zsh
[WRN][1663995183.8518774509] /home/dangle/.antigen.zsh:1510
[WRN][1663995183.8518774509] Replaced hooked function.
[LOG][1663995183.8519036770] /home/dangle/.antigen.zsh:1519
[LOG][1663995183.8519036770] Return from hook -antigen-load-source with 0
[LOG][1663995183.8519544601] /home/dangle/.antigen.zsh:1519
[LOG][1663995183.8519544601] Return from hook antigen-bundle with 0
[WRN][1663995183.8520288467] /home/dangle/.antigen.zsh:1470
[WRN][1663995183.8520288467] Updated meta: target antigen-bundle mode repeat type pre called 39
[WRN][1663995183.8520574570] /home/dangle/.antigen.zsh:1485
[WRN][1663995183.8520574570] Processing hooks: antigen-bundle-cached
[WRN][1663995183.8520801067] /home/dangle/.antigen.zsh:1488
[WRN][1663995183.8520801067] Pre hook: antigen-bundle-cached spaceship-prompt/spaceship-prompt --btype=theme
[WRN][1663995183.8521165848] /home/dangle/.antigen.zsh:1506
[WRN][1663995183.8521165848] -antigen-hook-antigen-bundle spaceship-prompt/spaceship-prompt --btype=theme
[TRA][1663995183.8521413803] /home/dangle/.antigen.zsh:1439
[TRA][1663995183.8521413803] Called antigen-bundle with spaceship-prompt/spaceship-prompt --btype=theme BUNDLE
[TRA][1663995183.8521413803] TRACE
-antigen-hook-antigen-bundle
-antigen-hook-handler
antigen-bundle
antigen-bundle-parallel-execute
antigen-apply-parallel-execute
-antigen-hook-handler
antigen-apply
-antigen-hook-antigen
-antigen-hook-handler
antigen
/home/dangle/.zshrc
[WRN][1663995183.8524847031] /home/dangle/.antigen.zsh:1470
[WRN][1663995183.8524847031] Updated meta: target -antigen-load-env mode repeat type replace called 13
[WRN][1663995183.8525187969] /home/dangle/.antigen.zsh:1485
[WRN][1663995183.8525187969] Processing hooks: -antigen-load-env-cached
[WRN][1663995183.8525538445] /home/dangle/.antigen.zsh:1499
[WRN][1663995183.8525538445] Replace hook: -antigen-load-env-cached dir /home/dangle/.antigen/bundles/spaceship-prompt/spaceship-prompt btype theme url https://github.com/spaceship-prompt/spaceship-prompt.git loc / name spaceship-prompt/spaceship-prompt make_local_clone true
[WRN][1663995183.8526067734] /home/dangle/.antigen.zsh:1510
[WRN][1663995183.8526067734] Replaced hooked function.
[LOG][1663995183.8526294231] /home/dangle/.antigen.zsh:1519
[LOG][1663995183.8526294231] Return from hook -antigen-load-env with 0
[WRN][1663995183.8526980877] /home/dangle/.antigen.zsh:1470
[WRN][1663995183.8526980877] Updated meta: target -antigen-load-source mode repeat type replace called 13
[WRN][1663995183.8527250290] /home/dangle/.antigen.zsh:1485
[WRN][1663995183.8527250290] Processing hooks: -antigen-load-source-cached
[WRN][1663995183.8527526855] /home/dangle/.antigen.zsh:1499
[WRN][1663995183.8527526855] Replace hook: -antigen-load-source-cached /home/dangle/.antigen/bundles/spaceship-prompt/spaceship-prompt///spaceship.zsh-theme
[WRN][1663995183.8527843952] /home/dangle/.antigen.zsh:1510
[WRN][1663995183.8527843952] Replaced hooked function.
[LOG][1663995183.8528053761] /home/dangle/.antigen.zsh:1519
[LOG][1663995183.8528053761] Return from hook -antigen-load-source with 0
[LOG][1663995183.8528504372] /home/dangle/.antigen.zsh:1519
[LOG][1663995183.8528504372] Return from hook antigen-bundle with 0
[WRN][1663995183.8528816700] /home/dangle/.antigen.zsh:1740
[WRN][1663995183.8528816700] Parallel install done PARALLEL
[WRN][1663995183.8529858589] /home/dangle/.antigen.zsh:1463
[WRN][1663995183.8529858589] Ignoring hook due to mode once: antigen-apply-lock
[WRN][1663995183.8530151844] /home/dangle/.antigen.zsh:1463
[WRN][1663995183.8530151844] Ignoring hook due to mode once: antigen-apply-parallel
[WRN][1663995183.8530414104] /home/dangle/.antigen.zsh:1463
[WRN][1663995183.8530414104] Ignoring hook due to mode once: antigen-apply-defer
[WRN][1663995183.8530666828] /home/dangle/.antigen.zsh:1463
[WRN][1663995183.8530666828] Ignoring hook due to mode once: antigen-apply-cached
[WRN][1663995183.8530862331] /home/dangle/.antigen.zsh:1485
[WRN][1663995183.8530862331] Processing hooks: antigen-apply-lock antigen-apply-parallel antigen-apply-defer antigen-apply-cached
[WRN][1663995183.8531098366] /home/dangle/.antigen.zsh:1506
[WRN][1663995183.8531098366] -antigen-hook-antigen-apply 
[LOG][1663995183.8531317711] /home/dangle/.antigen.zsh:1439
[LOG][1663995183.8531317711] Called antigen-apply
[TRA][1663995183.8531541824] /home/dangle/.antigen.zsh:1440
[TRA][1663995183.8531541824] Gonna create compdump file @ apply COMPDUMP
[TRA][1663995183.8531541824] TRACE
-antigen-hook-antigen-apply
-antigen-hook-handler
antigen-apply
antigen-apply-parallel-execute
-antigen-hook-handler
antigen-apply
-antigen-hook-antigen
-antigen-hook-handler
antigen
/home/dangle/.zshrc
[LOG][1663995184.0592632294] /home/dangle/.antigen.zsh:1519
[LOG][1663995184.0592632294] Return from hook antigen-apply with 0
[WRN][1663995184.0596568584] /home/dangle/.antigen.zsh:1510
[WRN][1663995184.0596568584] Replaced hooked function.
[WRN][1663995184.0597739220] /home/dangle/.antigen.zsh:1514
[WRN][1663995184.0597739220] Post hook: antigen-apply-lock
[WRN][1663995184.0598719120] /home/dangle/.antigen.zsh:1677
[WRN][1663995184.0598719120] Freeing antigen-lock file at /home/dangle/.antigen/.lock
[WRN][1663995184.0619707108] /home/dangle/.antigen.zsh:1514
[WRN][1663995184.0619707108] Post hook: antigen-apply-cached
[LOG][1663995184.0621383190] /home/dangle/.antigen.zsh:1894
[LOG][1663995184.0621383190] TRACE: /home/dangle/.antigen.zsh:1515 /home/dangle/.antigen.zsh:1442 /home/dangle/.antigen.zsh:1448 /home/dangle/.antigen.zsh:1507 /home/dangle/.antigen.zsh:1442 /home/dangle/.zshrc:48 zsh:0
[LOG][1663995184.0627694130] /home/dangle/.antigen.zsh:1788
[LOG][1663995184.0627694130] Gonna generate cache for /home/dangle/.antigen/bundles/robbyrussell/oh-my-zsh/lib /home/dangle/.antigen/bundles/robbyrussell/oh-my-zsh/lib/bzr.zsh /home/dangle/.antigen/bundles/robbyrussell/oh-my-zsh/lib/cli.zsh /home/dangle/.antigen/bundles/robbyrussell/oh-my-zsh/lib/clipboard.zsh /home/dangle/.antigen/bundles/robbyrussell/oh-my-zsh/lib/compfix.zsh /home/dangle/.antigen/bundles/robbyrussell/oh-my-zsh/lib/completion.zsh /home/dangle/.antigen/bundles/robbyrussell/oh-my-zsh/lib/correction.zsh /home/dangle/.antigen/bundles/robbyrussell/oh-my-zsh/lib/diagnostics.zsh /home/dangle/.antigen/bundles/robbyrussell/oh-my-zsh/lib/directories.zsh /home/dangle/.antigen/bundles/robbyrussell/oh-my-zsh/lib/functions.zsh /home/dangle/.antigen/bundles/robbyrussell/oh-my-zsh/lib/git.zsh /home/dangle/.antigen/bundles/robbyrussell/oh-my-zsh/lib/grep.zsh /home/dangle/.antigen/bundles/robbyrussell/oh-my-zsh/lib/history.zsh /home/dangle/.antigen/bundles/robbyrussell/oh-my-zsh/lib/key-bindings.zsh /home/dangle/.antigen/bundles/robbyrussell/oh-my-zsh/lib/misc.zsh /home/dangle/.antigen/bundles/robbyrussell/oh-my-zsh/lib/nvm.zsh /home/dangle/.antigen/bundles/robbyrussell/oh-my-zsh/lib/prompt_info_functions.zsh /home/dangle/.antigen/bundles/robbyrussell/oh-my-zsh/lib/spectrum.zsh /home/dangle/.antigen/bundles/robbyrussell/oh-my-zsh/lib/termsupport.zsh /home/dangle/.antigen/bundles/robbyrussell/oh-my-zsh/lib/theme-and-appearance.zsh /home/dangle/.antigen/bundles/robbyrussell/oh-my-zsh/lib/vcs_info.zsh /home/dangle/.antigen/bundles/robbyrussell/oh-my-zsh/plugins/git /home/dangle/.antigen/bundles/robbyrussell/oh-my-zsh/plugins/git/git.plugin.zsh /home/dangle/.antigen/bundles/robbyrussell/oh-my-zsh/plugins/git-extras /home/dangle/.antigen/bundles/robbyrussell/oh-my-zsh/plugins/git-extras/git-extras.plugin.zsh /home/dangle/.antigen/bundles/robbyrussell/oh-my-zsh/plugins/python /home/dangle/.antigen/bundles/robbyrussell/oh-my-zsh/plugins/python/python.plugin.zsh /home/dangle/.antigen/bundles/robbyrussell/oh-my-zsh/plugins/pip /home/dangle/.antigen/bundles/robbyrussell/oh-my-zsh/plugins/pip/pip.plugin.zsh /home/dangle/.antigen/bundles/robbyrussell/oh-my-zsh/plugins/aws /home/dangle/.antigen/bundles/robbyrussell/oh-my-zsh/plugins/aws/aws.plugin.zsh /home/dangle/.antigen/bundles/robbyrussell/oh-my-zsh/plugins/docker /home/dangle/.antigen/bundles/robbyrussell/oh-my-zsh/plugins/docker/docker.plugin.zsh /home/dangle/.antigen/bundles/robbyrussell/oh-my-zsh/plugins/sudo /home/dangle/.antigen/bundles/robbyrussell/oh-my-zsh/plugins/sudo/sudo.plugin.zsh /home/dangle/.antigen/bundles/robbyrussell/oh-my-zsh/plugins/systemd /home/dangle/.antigen/bundles/robbyrussell/oh-my-zsh/plugins/systemd/systemd.plugin.zsh /home/dangle/.antigen/bundles/robbyrussell/oh-my-zsh/plugins/command-not-found /home/dangle/.antigen/bundles/robbyrussell/oh-my-zsh/plugins/command-not-found/command-not-found.plugin.zsh /home/dangle/.antigen/bundles/zsh-users/zsh-syntax-highlighting// /home/dangle/.antigen/bundles/zsh-users/zsh-syntax-highlighting///zsh-syntax-highlighting.plugin.zsh /home/dangle/.antigen/bundles/zsh-users/zsh-history-substring-search// /home/dangle/.antigen/bundles/zsh-users/zsh-history-substring-search///zsh-history-substring-search.plugin.zsh /home/dangle/.antigen/bundles/spaceship-prompt/spaceship-prompt// /home/dangle/.antigen/bundles/spaceship-prompt/spaceship-prompt///spaceship.zsh-theme
[LOG][1663995184.0733599663] /home/dangle/.antigen.zsh:1845
[LOG][1663995184.0733599663] CHECK_FILES /home/dangle/.zshrc /home/dangle/.zshrc
[LOG][1663995184.5415697098] /home/dangle/.antigen.zsh:1519
[LOG][1663995184.5415697098] Return from hook antigen-apply with 0
[LOG][1663995184.5418565273] /home/dangle/.antigen.zsh:1519
[LOG][1663995184.5418565273] Return from hook antigen with 0
